{"/home/travis/build/npmtest/node-npmtest-react-flux/test.js":{"path":"/home/travis/build/npmtest/node-npmtest-react-flux/test.js","s":{"1":2,"2":2,"3":2,"4":2,"5":2,"6":2,"7":2,"8":1,"9":2,"10":2,"11":1,"12":1,"13":1,"14":1,"15":2,"16":2,"17":2,"18":2,"19":1,"20":1,"21":2,"22":2,"23":2,"24":1,"25":1,"26":1,"27":1,"28":1,"29":1,"30":1,"31":1,"32":1,"33":1,"34":1,"35":1,"36":1,"37":1,"38":1,"39":2,"40":2,"41":1,"42":2,"43":2,"44":1,"45":2,"46":2,"47":1,"48":2,"49":2,"50":1,"51":1,"52":1,"53":1,"54":1},"b":{"1":[2,1,1,1],"2":[1,1,1,1],"3":[1,1],"4":[1,1],"5":[1,1],"6":[1,1],"7":[1,1],"8":[1,1],"9":[1,1],"10":[1,1,1],"11":[1,1],"12":[1,1],"13":[1,1],"14":[1,1],"15":[1,1],"16":[1,1],"17":[1,1]},"f":{"1":2,"2":2,"3":2,"4":2,"5":2,"6":1,"7":1,"8":1,"9":2,"10":2,"11":2,"12":2,"13":1},"fnMap":{"1":{"name":"(anonymous_1)","line":12,"loc":{"start":{"line":12,"column":1},"end":{"line":12,"column":13}}},"2":{"name":"(anonymous_2)","line":19,"loc":{"start":{"line":19,"column":5},"end":{"line":19,"column":17}}},"3":{"name":"(anonymous_3)","line":23,"loc":{"start":{"line":23,"column":24},"end":{"line":23,"column":36}}},"4":{"name":"(anonymous_4)","line":61,"loc":{"start":{"line":61,"column":5},"end":{"line":61,"column":17}}},"5":{"name":"(anonymous_5)","line":82,"loc":{"start":{"line":82,"column":5},"end":{"line":82,"column":17}}},"6":{"name":"(anonymous_6)","line":91,"loc":{"start":{"line":91,"column":77},"end":{"line":94,"column":10}}},"7":{"name":"(anonymous_7)","line":112,"loc":{"start":{"line":112,"column":83},"end":{"line":115,"column":10}},"skip":true},"8":{"name":"(anonymous_8)","line":123,"loc":{"start":{"line":123,"column":77},"end":{"line":126,"column":10}},"skip":true},"9":{"name":"(anonymous_9)","line":139,"loc":{"start":{"line":139,"column":12},"end":{"line":139,"column":40}},"skip":true},"10":{"name":"(anonymous_10)","line":147,"loc":{"start":{"line":147,"column":77},"end":{"line":150,"column":10}},"skip":true},"11":{"name":"(anonymous_11)","line":158,"loc":{"start":{"line":158,"column":83},"end":{"line":161,"column":10}},"skip":true},"12":{"name":"(anonymous_12)","line":169,"loc":{"start":{"line":169,"column":79},"end":{"line":172,"column":10}},"skip":true},"13":{"name":"(anonymous_13)","line":180,"loc":{"start":{"line":180,"column":75},"end":{"line":183,"column":10}},"skip":true}},"statementMap":{"1":{"start":{"line":12,"column":0},"end":{"line":195,"column":5}},"2":{"start":{"line":14,"column":4},"end":{"line":14,"column":14}},"3":{"start":{"line":19,"column":4},"end":{"line":56,"column":9}},"4":{"start":{"line":21,"column":8},"end":{"line":21,"column":19}},"5":{"start":{"line":23,"column":8},"end":{"line":35,"column":13}},"6":{"start":{"line":24,"column":12},"end":{"line":34,"column":13}},"7":{"start":{"line":25,"column":16},"end":{"line":28,"column":30}},"8":{"start":{"line":30,"column":16},"end":{"line":33,"column":27}},"9":{"start":{"line":37,"column":8},"end":{"line":39,"column":21}},"10":{"start":{"line":40,"column":8},"end":{"line":53,"column":9}},"11":{"start":{"line":43,"column":12},"end":{"line":46,"column":14}},"12":{"start":{"line":47,"column":12},"end":{"line":47,"column":18}},"13":{"start":{"line":50,"column":12},"end":{"line":51,"column":33}},"14":{"start":{"line":52,"column":12},"end":{"line":52,"column":18}},"15":{"start":{"line":55,"column":8},"end":{"line":55,"column":35}},"16":{"start":{"line":61,"column":4},"end":{"line":63,"column":9}},"17":{"start":{"line":62,"column":8},"end":{"line":62,"column":15}},"18":{"start":{"line":64,"column":4},"end":{"line":77,"column":5}},"19":{"start":{"line":70,"column":8},"end":{"line":70,"column":14}},"20":{"start":{"line":76,"column":8},"end":{"line":76,"column":14}},"21":{"start":{"line":82,"column":4},"end":{"line":84,"column":9}},"22":{"start":{"line":83,"column":8},"end":{"line":83,"column":15}},"23":{"start":{"line":85,"column":4},"end":{"line":194,"column":5}},"24":{"start":{"line":91,"column":8},"end":{"line":99,"column":10}},"25":{"start":{"line":98,"column":12},"end":{"line":98,"column":35}},"26":{"start":{"line":102,"column":8},"end":{"line":104,"column":63}},"27":{"start":{"line":105,"column":8},"end":{"line":105,"column":14}},"28":{"start":{"line":112,"column":8},"end":{"line":121,"column":10},"skip":true},"29":{"start":{"line":119,"column":12},"end":{"line":119,"column":55},"skip":true},"30":{"start":{"line":120,"column":12},"end":{"line":120,"column":48},"skip":true},"31":{"start":{"line":123,"column":8},"end":{"line":136,"column":10},"skip":true},"32":{"start":{"line":130,"column":12},"end":{"line":130,"column":76},"skip":true},"33":{"start":{"line":131,"column":12},"end":{"line":131,"column":73},"skip":true},"34":{"start":{"line":132,"column":12},"end":{"line":132,"column":74},"skip":true},"35":{"start":{"line":133,"column":12},"end":{"line":133,"column":79},"skip":true},"36":{"start":{"line":134,"column":12},"end":{"line":134,"column":25},"skip":true},"37":{"start":{"line":135,"column":12},"end":{"line":135,"column":45},"skip":true},"38":{"start":{"line":138,"column":8},"end":{"line":145,"column":14},"skip":true},"39":{"start":{"line":143,"column":16},"end":{"line":143,"column":29},"skip":true},"40":{"start":{"line":144,"column":16},"end":{"line":144,"column":55},"skip":true},"41":{"start":{"line":147,"column":8},"end":{"line":156,"column":10},"skip":true},"42":{"start":{"line":154,"column":12},"end":{"line":154,"column":25},"skip":true},"43":{"start":{"line":155,"column":12},"end":{"line":155,"column":45},"skip":true},"44":{"start":{"line":158,"column":8},"end":{"line":167,"column":10},"skip":true},"45":{"start":{"line":165,"column":12},"end":{"line":165,"column":25},"skip":true},"46":{"start":{"line":166,"column":12},"end":{"line":166,"column":48},"skip":true},"47":{"start":{"line":169,"column":8},"end":{"line":178,"column":10},"skip":true},"48":{"start":{"line":176,"column":12},"end":{"line":176,"column":25},"skip":true},"49":{"start":{"line":177,"column":12},"end":{"line":177,"column":46},"skip":true},"50":{"start":{"line":180,"column":8},"end":{"line":189,"column":10},"skip":true},"51":{"start":{"line":187,"column":12},"end":{"line":187,"column":94},"skip":true},"52":{"start":{"line":188,"column":12},"end":{"line":188,"column":48},"skip":true},"53":{"start":{"line":192,"column":8},"end":{"line":192,"column":35},"skip":true},"54":{"start":{"line":193,"column":8},"end":{"line":193,"column":14},"skip":true}},"branchMap":{"1":{"line":25,"type":"binary-expr","locations":[{"start":{"line":25,"column":23},"end":{"line":25,"column":62}},{"start":{"line":26,"column":20},"end":{"line":26,"column":70}},{"start":{"line":27,"column":20},"end":{"line":27,"column":71}},{"start":{"line":28,"column":20},"end":{"line":28,"column":29}}]},"2":{"line":30,"type":"binary-expr","locations":[{"start":{"line":30,"column":23},"end":{"line":30,"column":37}},{"start":{"line":31,"column":20},"end":{"line":31,"column":61}},{"start":{"line":32,"column":20},"end":{"line":32,"column":70}},{"start":{"line":33,"column":20},"end":{"line":33,"column":26}}]},"3":{"line":37,"type":"cond-expr","locations":[{"start":{"line":38,"column":14},"end":{"line":38,"column":20}},{"start":{"line":39,"column":14},"end":{"line":39,"column":20}}]},"4":{"line":40,"type":"switch","locations":[{"start":{"line":42,"column":8},"end":{"line":47,"column":18}},{"start":{"line":49,"column":8},"end":{"line":52,"column":18}}]},"5":{"line":44,"type":"binary-expr","locations":[{"start":{"line":44,"column":16},"end":{"line":44,"column":44}},{"start":{"line":44,"column":48},"end":{"line":44,"column":66}}]},"6":{"line":50,"type":"binary-expr","locations":[{"start":{"line":50,"column":21},"end":{"line":50,"column":49}},{"start":{"line":50,"column":53},"end":{"line":50,"column":72}}]},"7":{"line":64,"type":"switch","locations":[{"start":{"line":69,"column":4},"end":{"line":70,"column":14}},{"start":{"line":75,"column":4},"end":{"line":76,"column":14}}]},"8":{"line":85,"type":"switch","locations":[{"start":{"line":90,"column":4},"end":{"line":105,"column":14}},{"start":{"line":111,"column":4},"end":{"line":193,"column":14},"skip":true}]},"9":{"line":91,"type":"binary-expr","locations":[{"start":{"line":91,"column":42},"end":{"line":91,"column":73}},{"start":{"line":91,"column":77},"end":{"line":99,"column":9}}]},"10":{"line":102,"type":"binary-expr","locations":[{"start":{"line":102,"column":18},"end":{"line":102,"column":32}},{"start":{"line":103,"column":12},"end":{"line":103,"column":53}},{"start":{"line":104,"column":12},"end":{"line":104,"column":61}}]},"11":{"line":112,"type":"binary-expr","locations":[{"start":{"line":112,"column":45},"end":{"line":112,"column":79},"skip":true},{"start":{"line":112,"column":83},"end":{"line":121,"column":9},"skip":true}]},"12":{"line":123,"type":"binary-expr","locations":[{"start":{"line":123,"column":42},"end":{"line":123,"column":73},"skip":true},{"start":{"line":123,"column":77},"end":{"line":136,"column":9},"skip":true}]},"13":{"line":138,"type":"binary-expr","locations":[{"start":{"line":138,"column":48},"end":{"line":138,"column":85},"skip":true},{"start":{"line":139,"column":12},"end":{"line":145,"column":13},"skip":true}]},"14":{"line":147,"type":"binary-expr","locations":[{"start":{"line":147,"column":42},"end":{"line":147,"column":73},"skip":true},{"start":{"line":147,"column":77},"end":{"line":156,"column":9},"skip":true}]},"15":{"line":158,"type":"binary-expr","locations":[{"start":{"line":158,"column":45},"end":{"line":158,"column":79},"skip":true},{"start":{"line":158,"column":83},"end":{"line":167,"column":9},"skip":true}]},"16":{"line":169,"type":"binary-expr","locations":[{"start":{"line":169,"column":43},"end":{"line":169,"column":75},"skip":true},{"start":{"line":169,"column":79},"end":{"line":178,"column":9},"skip":true}]},"17":{"line":180,"type":"binary-expr","locations":[{"start":{"line":180,"column":41},"end":{"line":180,"column":71},"skip":true},{"start":{"line":180,"column":75},"end":{"line":189,"column":9},"skip":true}]}},"code":["/* istanbul instrument in package npmtest_react_flux */","/*jslint","    bitwise: true,","    browser: true,","    maxerr: 8,","    maxlen: 96,","    node: true,","    nomen: true,","    regexp: true,","    stupid: true","*/","(function () {","    'use strict';","    var local;","","","","    // run shared js-env code - init-before","    (function () {","        // init local","        local = {};","        // init modeJs","        local.modeJs = (function () {","            try {","                return typeof navigator.userAgent === 'string' &&","                    typeof document.querySelector('body') === 'object' &&","                    typeof XMLHttpRequest.prototype.open === 'function' &&","                    'browser';","            } catch (errorCaughtBrowser) {","                return module.exports &&","                    typeof process.versions.node === 'string' &&","                    typeof require('http').createServer === 'function' &&","                    'node';","            }","        }());","        // init global","        local.global = local.modeJs === 'browser'","            ? window","            : global;","        switch (local.modeJs) {","        // re-init local from window.local","        case 'browser':","            local = local.global.utility2.objectSetDefault(","                local.global.utility2_rollup || local.global.local,","                local.global.utility2","            );","            break;","        // re-init local from example.js","        case 'node':","            local = (local.global.utility2_rollup || require('utility2'))","                .requireReadme();","            break;","        }","        // export local","        local.global.local = local;","    }());","","","","    // run shared js-env code - function","    (function () {","        return;","    }());","    switch (local.modeJs) {","","","","    // run browser js-env code - function","    case 'browser':","        break;","","","","    // run node js-env code - function","    case 'node':","        break;","    }","","","","    // run shared js-env code - init-after","    (function () {","        return;","    }());","    switch (local.modeJs) {","","","","    // run browser js-env code - init-after","    case 'browser':","        local.testCase_browser_nullCase = local.testCase_browser_nullCase || function (","            options,","            onError","        ) {","        /*","         * this function will test browsers's null-case handling-behavior-behavior","         */","            onError(null, options);","        };","","        // run tests","        local.nop(local.modeTest &&","            document.querySelector('#testRunButton1') &&","            document.querySelector('#testRunButton1').click());","        break;","","","","    // run node js-env code - init-after","    /* istanbul ignore next */","    case 'node':","        local.testCase_buildApidoc_default = local.testCase_buildApidoc_default || function (","            options,","            onError","        ) {","        /*","         * this function will test buildApidoc's default handling-behavior-behavior","         */","            options = { modulePathList: module.paths };","            local.buildApidoc(options, onError);","        };","","        local.testCase_buildApp_default = local.testCase_buildApp_default || function (","            options,","            onError","        ) {","        /*","         * this function will test buildApp's default handling-behavior-behavior","         */","            local.testCase_buildReadme_default(options, local.onErrorThrow);","            local.testCase_buildLib_default(options, local.onErrorThrow);","            local.testCase_buildTest_default(options, local.onErrorThrow);","            local.testCase_buildCustomOrg_default(options, local.onErrorThrow);","            options = [];","            local.buildApp(options, onError);","        };","","        local.testCase_buildCustomOrg_default = local.testCase_buildCustomOrg_default ||","            function (options, onError) {","            /*","             * this function will test buildCustomOrg's default handling-behavior","             */","                options = {};","                local.buildCustomOrg(options, onError);","            };","","        local.testCase_buildLib_default = local.testCase_buildLib_default || function (","            options,","            onError","        ) {","        /*","         * this function will test buildLib's default handling-behavior","         */","            options = {};","            local.buildLib(options, onError);","        };","","        local.testCase_buildReadme_default = local.testCase_buildReadme_default || function (","            options,","            onError","        ) {","        /*","         * this function will test buildReadme's default handling-behavior-behavior","         */","            options = {};","            local.buildReadme(options, onError);","        };","","        local.testCase_buildTest_default = local.testCase_buildTest_default || function (","            options,","            onError","        ) {","        /*","         * this function will test buildTest's default handling-behavior","         */","            options = {};","            local.buildTest(options, onError);","        };","","        local.testCase_webpage_default = local.testCase_webpage_default || function (","            options,","            onError","        ) {","        /*","         * this function will test webpage's default handling-behavior","         */","            options = { modeCoverageMerge: true, url: local.serverLocalHost + '?modeTest=1' };","            local.browserTest(options, onError);","        };","","        // run test-server","        local.testRunServer(local);","        break;","    }","}());",""],"l":{"12":2,"14":2,"19":2,"21":2,"23":2,"24":2,"25":2,"30":1,"37":2,"40":2,"43":1,"47":1,"50":1,"52":1,"55":2,"61":2,"62":2,"64":2,"70":1,"76":1,"82":2,"83":2,"85":2,"91":1,"98":1,"102":1,"105":1,"112":1,"119":1,"120":1,"123":1,"130":1,"131":1,"132":1,"133":1,"134":1,"135":1,"138":1,"143":2,"144":2,"147":1,"154":2,"155":2,"158":1,"165":2,"166":2,"169":1,"176":2,"177":2,"180":1,"187":1,"188":1,"192":1,"193":1}},"/home/travis/build/npmtest/node-npmtest-react-flux/lib.npmtest_react_flux.js":{"path":"/home/travis/build/npmtest/node-npmtest-react-flux/lib.npmtest_react_flux.js","s":{"1":2,"2":2,"3":2,"4":2,"5":2,"6":2,"7":2,"8":1,"9":2,"10":2,"11":2,"12":2,"13":1,"14":1,"15":1,"16":1},"b":{"1":[2,1,1,1],"2":[1,1,1,1],"3":[1,1],"4":[2,2],"5":[1,1]},"f":{"1":2,"2":2,"3":2},"fnMap":{"1":{"name":"(anonymous_1)","line":12,"loc":{"start":{"line":12,"column":1},"end":{"line":12,"column":13}}},"2":{"name":"(anonymous_2)","line":19,"loc":{"start":{"line":19,"column":5},"end":{"line":19,"column":17}}},"3":{"name":"(anonymous_3)","line":23,"loc":{"start":{"line":23,"column":24},"end":{"line":23,"column":36}}}},"statementMap":{"1":{"start":{"line":12,"column":0},"end":{"line":53,"column":5}},"2":{"start":{"line":14,"column":4},"end":{"line":14,"column":14}},"3":{"start":{"line":19,"column":4},"end":{"line":52,"column":9}},"4":{"start":{"line":21,"column":8},"end":{"line":21,"column":19}},"5":{"start":{"line":23,"column":8},"end":{"line":35,"column":13}},"6":{"start":{"line":24,"column":12},"end":{"line":34,"column":13}},"7":{"start":{"line":25,"column":16},"end":{"line":28,"column":30}},"8":{"start":{"line":30,"column":16},"end":{"line":33,"column":27}},"9":{"start":{"line":37,"column":8},"end":{"line":39,"column":21}},"10":{"start":{"line":41,"column":8},"end":{"line":41,"column":54}},"11":{"start":{"line":43,"column":8},"end":{"line":43,"column":55}},"12":{"start":{"line":45,"column":8},"end":{"line":51,"column":9}},"13":{"start":{"line":46,"column":12},"end":{"line":46,"column":61}},"14":{"start":{"line":48,"column":12},"end":{"line":48,"column":35}},"15":{"start":{"line":49,"column":12},"end":{"line":49,"column":49}},"16":{"start":{"line":50,"column":12},"end":{"line":50,"column":43}}},"branchMap":{"1":{"line":25,"type":"binary-expr","locations":[{"start":{"line":25,"column":23},"end":{"line":25,"column":62}},{"start":{"line":26,"column":20},"end":{"line":26,"column":70}},{"start":{"line":27,"column":20},"end":{"line":27,"column":71}},{"start":{"line":28,"column":20},"end":{"line":28,"column":29}}]},"2":{"line":30,"type":"binary-expr","locations":[{"start":{"line":30,"column":23},"end":{"line":30,"column":37}},{"start":{"line":31,"column":20},"end":{"line":31,"column":61}},{"start":{"line":32,"column":20},"end":{"line":32,"column":70}},{"start":{"line":33,"column":20},"end":{"line":33,"column":26}}]},"3":{"line":37,"type":"cond-expr","locations":[{"start":{"line":38,"column":14},"end":{"line":38,"column":20}},{"start":{"line":39,"column":14},"end":{"line":39,"column":20}}]},"4":{"line":41,"type":"binary-expr","locations":[{"start":{"line":41,"column":16},"end":{"line":41,"column":44}},{"start":{"line":41,"column":48},"end":{"line":41,"column":53}}]},"5":{"line":45,"type":"if","locations":[{"start":{"line":45,"column":8},"end":{"line":45,"column":8}},{"start":{"line":45,"column":8},"end":{"line":45,"column":8}}]}},"code":["/* istanbul instrument in package npmtest_react_flux */","/*jslint","    bitwise: true,","    browser: true,","    maxerr: 8,","    maxlen: 96,","    node: true,","    nomen: true,","    regexp: true,","    stupid: true","*/","(function () {","    'use strict';","    var local;","","","","    // run shared js-env code - init-before","    (function () {","        // init local","        local = {};","        // init modeJs","        local.modeJs = (function () {","            try {","                return typeof navigator.userAgent === 'string' &&","                    typeof document.querySelector('body') === 'object' &&","                    typeof XMLHttpRequest.prototype.open === 'function' &&","                    'browser';","            } catch (errorCaughtBrowser) {","                return module.exports &&","                    typeof process.versions.node === 'string' &&","                    typeof require('http').createServer === 'function' &&","                    'node';","            }","        }());","        // init global","        local.global = local.modeJs === 'browser'","            ? window","            : global;","        // init utility2_rollup","        local = local.global.utility2_rollup || local;","        // init lib","        local.local = local.npmtest_react_flux = local;","        // init exports","        if (local.modeJs === 'browser') {","            local.global.utility2_npmtest_react_flux = local;","        } else {","            module.exports = local;","            module.exports.__dirname = __dirname;","            module.exports.module = module;","        }","    }());","}());",""],"l":{"12":2,"14":2,"19":2,"21":2,"23":2,"24":2,"25":2,"30":1,"37":2,"41":2,"43":2,"45":2,"46":1,"48":1,"49":1,"50":1}},"/home/travis/build/npmtest/node-npmtest-react-flux/example.js":{"path":"/home/travis/build/npmtest/node-npmtest-react-flux/example.js","s":{"1":2,"2":2,"3":2,"4":2,"5":2,"6":2,"7":2,"8":1,"9":2,"10":2,"11":2,"12":2,"13":1,"14":2,"15":2,"16":2,"17":2,"18":2,"19":0,"20":2,"21":1,"22":1,"23":1,"24":1,"25":1,"26":0,"27":0,"28":1,"29":1,"30":2,"31":0,"32":0,"33":0,"34":1,"35":2,"36":2,"37":3,"38":3,"39":3,"40":3,"41":0,"42":3,"43":3,"44":3,"45":1,"46":3,"47":1,"48":1,"49":1,"50":1,"51":1,"52":1,"53":1,"54":1,"55":1,"56":1,"57":0,"58":1,"59":6,"60":6,"61":1,"62":2,"63":0,"64":2,"65":1,"66":1,"67":0,"68":0,"69":0,"70":0,"71":0,"72":0,"73":0,"74":0,"75":0,"76":0,"77":0,"78":0,"79":0,"80":0,"81":0,"82":0,"83":0},"b":{"1":[2,1,1,1],"2":[1,1,1,1],"3":[1,1],"4":[2,2],"5":[1,1],"6":[1,1],"7":[2,0],"8":[2,1,1,1,1,1],"9":[0,2,0],"10":[1,1],"11":[2,1,1],"12":[1,0],"13":[0,2],"14":[2,0,0,0,0,0,0],"15":[0,3],"16":[3,0],"17":[1,1],"18":[0,1],"19":[1,2,0,2],"20":[1,0],"21":[1,1],"22":[0,0],"23":[0,0],"24":[0,0],"25":[0,0],"26":[0,0],"27":[0,0],"28":[0,0]},"f":{"1":2,"2":2,"3":2,"4":2,"5":2,"6":2,"7":3,"8":3,"9":3,"10":1,"11":6,"12":0},"fnMap":{"1":{"name":"(anonymous_1)","line":26,"loc":{"start":{"line":26,"column":1},"end":{"line":26,"column":13}}},"2":{"name":"(anonymous_2)","line":33,"loc":{"start":{"line":33,"column":5},"end":{"line":33,"column":17}}},"3":{"name":"(anonymous_3)","line":37,"loc":{"start":{"line":37,"column":24},"end":{"line":37,"column":36}}},"4":{"name":"(anonymous_4)","line":69,"loc":{"start":{"line":69,"column":31},"end":{"line":69,"column":48}},"skip":true},"5":{"name":"(anonymous_5)","line":78,"loc":{"start":{"line":78,"column":26},"end":{"line":78,"column":45}},"skip":true},"6":{"name":"(anonymous_6)","line":123,"loc":{"start":{"line":123,"column":33},"end":{"line":123,"column":48}},"skip":true},"7":{"name":"(anonymous_7)","line":125,"loc":{"start":{"line":125,"column":27},"end":{"line":125,"column":39}},"skip":true},"8":{"name":"(anonymous_8)","line":133,"loc":{"start":{"line":133,"column":59},"end":{"line":133,"column":74}},"skip":true},"9":{"name":"(anonymous_9)","line":143,"loc":{"start":{"line":143,"column":45},"end":{"line":143,"column":62}},"skip":true},"10":{"name":"(anonymous_10)","line":144,"loc":{"start":{"line":144,"column":73},"end":{"line":144,"column":92}},"skip":true},"11":{"name":"(anonymous_11)","line":272,"loc":{"start":{"line":272,"column":51},"end":{"line":272,"column":77}},"skip":true},"12":{"name":"(anonymous_12)","line":315,"loc":{"start":{"line":315,"column":32},"end":{"line":315,"column":61}},"skip":true}},"statementMap":{"1":{"start":{"line":26,"column":0},"end":{"line":326,"column":5}},"2":{"start":{"line":28,"column":4},"end":{"line":28,"column":14}},"3":{"start":{"line":33,"column":4},"end":{"line":60,"column":9}},"4":{"start":{"line":35,"column":8},"end":{"line":35,"column":19}},"5":{"start":{"line":37,"column":8},"end":{"line":49,"column":13}},"6":{"start":{"line":38,"column":12},"end":{"line":48,"column":13}},"7":{"start":{"line":39,"column":16},"end":{"line":42,"column":30}},"8":{"start":{"line":44,"column":16},"end":{"line":47,"column":27}},"9":{"start":{"line":51,"column":8},"end":{"line":53,"column":21}},"10":{"start":{"line":55,"column":8},"end":{"line":57,"column":45}},"11":{"start":{"line":59,"column":8},"end":{"line":59,"column":35}},"12":{"start":{"line":61,"column":4},"end":{"line":325,"column":5}},"13":{"start":{"line":69,"column":8},"end":{"line":121,"column":10},"skip":true},"14":{"start":{"line":70,"column":12},"end":{"line":88,"column":13},"skip":true},"15":{"start":{"line":76,"column":16},"end":{"line":87,"column":19},"skip":true},"16":{"start":{"line":79,"column":20},"end":{"line":86,"column":21},"skip":true},"17":{"start":{"line":82,"column":24},"end":{"line":82,"column":43},"skip":true},"18":{"start":{"line":83,"column":24},"end":{"line":83,"column":30},"skip":true},"19":{"start":{"line":85,"column":24},"end":{"line":85,"column":49},"skip":true},"20":{"start":{"line":89,"column":12},"end":{"line":107,"column":13},"skip":true},"21":{"start":{"line":92,"column":16},"end":{"line":102,"column":17},"skip":true},"22":{"start":{"line":93,"column":20},"end":{"line":93,"column":86},"skip":true},"23":{"start":{"line":94,"column":20},"end":{"line":95,"column":45},"skip":true},"24":{"start":{"line":96,"column":20},"end":{"line":96,"column":42},"skip":true},"25":{"start":{"line":97,"column":20},"end":{"line":97,"column":48},"skip":true},"26":{"start":{"line":100,"column":20},"end":{"line":100,"column":85},"skip":true},"27":{"start":{"line":101,"column":20},"end":{"line":101,"column":96},"skip":true},"28":{"start":{"line":103,"column":16},"end":{"line":103,"column":22},"skip":true},"29":{"start":{"line":106,"column":16},"end":{"line":106,"column":22},"skip":true},"30":{"start":{"line":108,"column":12},"end":{"line":120,"column":13},"skip":true},"31":{"start":{"line":114,"column":16},"end":{"line":119,"column":17},"skip":true},"32":{"start":{"line":116,"column":20},"end":{"line":116,"column":78},"skip":true},"33":{"start":{"line":118,"column":20},"end":{"line":118,"column":47},"skip":true},"34":{"start":{"line":123,"column":8},"end":{"line":141,"column":11},"skip":true},"35":{"start":{"line":124,"column":12},"end":{"line":124,"column":54},"skip":true},"36":{"start":{"line":125,"column":12},"end":{"line":140,"column":14},"skip":true},"37":{"start":{"line":126,"column":16},"end":{"line":126,"column":28},"skip":true},"38":{"start":{"line":127,"column":16},"end":{"line":127,"column":69},"skip":true},"39":{"start":{"line":128,"column":16},"end":{"line":128,"column":75},"skip":true},"40":{"start":{"line":129,"column":16},"end":{"line":131,"column":17},"skip":true},"41":{"start":{"line":130,"column":20},"end":{"line":130,"column":27},"skip":true},"42":{"start":{"line":133,"column":16},"end":{"line":137,"column":36},"skip":true},"43":{"start":{"line":134,"column":20},"end":{"line":136,"column":55},"skip":true},"44":{"start":{"line":139,"column":16},"end":{"line":139,"column":57},"skip":true},"45":{"start":{"line":143,"column":8},"end":{"line":147,"column":11},"skip":true},"46":{"start":{"line":144,"column":12},"end":{"line":146,"column":15},"skip":true},"47":{"start":{"line":145,"column":16},"end":{"line":145,"column":70},"skip":true},"48":{"start":{"line":149,"column":8},"end":{"line":149,"column":31},"skip":true},"49":{"start":{"line":150,"column":8},"end":{"line":150,"column":14},"skip":true},"50":{"start":{"line":158,"column":8},"end":{"line":158,"column":31},"skip":true},"51":{"start":{"line":160,"column":8},"end":{"line":160,"column":33},"skip":true},"52":{"start":{"line":161,"column":8},"end":{"line":161,"column":37},"skip":true},"53":{"start":{"line":162,"column":8},"end":{"line":162,"column":35},"skip":true},"54":{"start":{"line":164,"column":8},"end":{"line":164,"column":50},"skip":true},"55":{"start":{"line":166,"column":8},"end":{"line":256,"column":2},"skip":true},"56":{"start":{"line":258,"column":8},"end":{"line":286,"column":9},"skip":true},"57":{"start":{"line":259,"column":12},"end":{"line":269,"column":14},"skip":true},"58":{"start":{"line":271,"column":12},"end":{"line":285,"column":19},"skip":true},"59":{"start":{"line":274,"column":20},"end":{"line":274,"column":35},"skip":true},"60":{"start":{"line":275,"column":20},"end":{"line":284,"column":21},"skip":true},"61":{"start":{"line":277,"column":24},"end":{"line":277,"column":64},"skip":true},"62":{"start":{"line":279,"column":24},"end":{"line":279,"column":40},"skip":true},"63":{"start":{"line":281,"column":24},"end":{"line":281,"column":40},"skip":true},"64":{"start":{"line":283,"column":24},"end":{"line":283,"column":39},"skip":true},"65":{"start":{"line":288,"column":8},"end":{"line":290,"column":9},"skip":true},"66":{"start":{"line":289,"column":12},"end":{"line":289,"column":18},"skip":true},"67":{"start":{"line":291,"column":8},"end":{"line":293,"column":54},"skip":true},"68":{"start":{"line":296,"column":8},"end":{"line":301,"column":37},"skip":true},"69":{"start":{"line":303,"column":8},"end":{"line":303,"column":82},"skip":true},"70":{"start":{"line":306,"column":8},"end":{"line":308,"column":9},"skip":true},"71":{"start":{"line":307,"column":12},"end":{"line":307,"column":82},"skip":true},"72":{"start":{"line":310,"column":8},"end":{"line":312,"column":9},"skip":true},"73":{"start":{"line":311,"column":12},"end":{"line":311,"column":18},"skip":true},"74":{"start":{"line":313,"column":8},"end":{"line":313,"column":54},"skip":true},"75":{"start":{"line":314,"column":8},"end":{"line":314,"column":69},"skip":true},"76":{"start":{"line":315,"column":8},"end":{"line":323,"column":36},"skip":true},"77":{"start":{"line":316,"column":12},"end":{"line":316,"column":61},"skip":true},"78":{"start":{"line":317,"column":12},"end":{"line":320,"column":13},"skip":true},"79":{"start":{"line":318,"column":16},"end":{"line":318,"column":75},"skip":true},"80":{"start":{"line":319,"column":16},"end":{"line":319,"column":23},"skip":true},"81":{"start":{"line":321,"column":12},"end":{"line":321,"column":38},"skip":true},"82":{"start":{"line":322,"column":12},"end":{"line":322,"column":27},"skip":true},"83":{"start":{"line":324,"column":8},"end":{"line":324,"column":14},"skip":true}},"branchMap":{"1":{"line":39,"type":"binary-expr","locations":[{"start":{"line":39,"column":23},"end":{"line":39,"column":62}},{"start":{"line":40,"column":20},"end":{"line":40,"column":70}},{"start":{"line":41,"column":20},"end":{"line":41,"column":71}},{"start":{"line":42,"column":20},"end":{"line":42,"column":29}}]},"2":{"line":44,"type":"binary-expr","locations":[{"start":{"line":44,"column":23},"end":{"line":44,"column":37}},{"start":{"line":45,"column":20},"end":{"line":45,"column":61}},{"start":{"line":46,"column":20},"end":{"line":46,"column":70}},{"start":{"line":47,"column":20},"end":{"line":47,"column":26}}]},"3":{"line":51,"type":"cond-expr","locations":[{"start":{"line":52,"column":14},"end":{"line":52,"column":20}},{"start":{"line":53,"column":14},"end":{"line":53,"column":20}}]},"4":{"line":55,"type":"binary-expr","locations":[{"start":{"line":55,"column":16},"end":{"line":55,"column":44}},{"start":{"line":55,"column":49},"end":{"line":57,"column":43}}]},"5":{"line":55,"type":"cond-expr","locations":[{"start":{"line":56,"column":14},"end":{"line":56,"column":54}},{"start":{"line":57,"column":14},"end":{"line":57,"column":43}}]},"6":{"line":61,"type":"switch","locations":[{"start":{"line":68,"column":4},"end":{"line":150,"column":14},"skip":true},{"start":{"line":156,"column":4},"end":{"line":324,"column":14},"skip":true}]},"7":{"line":70,"type":"if","locations":[{"start":{"line":70,"column":12},"end":{"line":70,"column":12},"skip":true},{"start":{"line":70,"column":12},"end":{"line":70,"column":12},"skip":true}]},"8":{"line":70,"type":"binary-expr","locations":[{"start":{"line":70,"column":16},"end":{"line":70,"column":22},"skip":true},{"start":{"line":70,"column":27},"end":{"line":70,"column":32},"skip":true},{"start":{"line":71,"column":20},"end":{"line":71,"column":39},"skip":true},{"start":{"line":72,"column":20},"end":{"line":72,"column":49},"skip":true},{"start":{"line":73,"column":20},"end":{"line":73,"column":58},"skip":true},{"start":{"line":74,"column":20},"end":{"line":74,"column":69},"skip":true}]},"9":{"line":79,"type":"switch","locations":[{"start":{"line":80,"column":20},"end":{"line":80,"column":33},"skip":true},{"start":{"line":81,"column":20},"end":{"line":83,"column":30},"skip":true},{"start":{"line":84,"column":20},"end":{"line":85,"column":49},"skip":true}]},"10":{"line":89,"type":"switch","locations":[{"start":{"line":90,"column":12},"end":{"line":103,"column":22},"skip":true},{"start":{"line":105,"column":12},"end":{"line":106,"column":22},"skip":true}]},"11":{"line":89,"type":"binary-expr","locations":[{"start":{"line":89,"column":20},"end":{"line":89,"column":25},"skip":true},{"start":{"line":89,"column":29},"end":{"line":89,"column":48},"skip":true},{"start":{"line":89,"column":52},"end":{"line":89,"column":74},"skip":true}]},"12":{"line":92,"type":"if","locations":[{"start":{"line":92,"column":16},"end":{"line":92,"column":16},"skip":true},{"start":{"line":92,"column":16},"end":{"line":92,"column":16},"skip":true}]},"13":{"line":108,"type":"if","locations":[{"start":{"line":108,"column":12},"end":{"line":108,"column":12},"skip":true},{"start":{"line":108,"column":12},"end":{"line":108,"column":12},"skip":true}]},"14":{"line":108,"type":"binary-expr","locations":[{"start":{"line":108,"column":16},"end":{"line":108,"column":61},"skip":true},{"start":{"line":108,"column":66},"end":{"line":108,"column":72},"skip":true},{"start":{"line":108,"column":77},"end":{"line":108,"column":82},"skip":true},{"start":{"line":109,"column":20},"end":{"line":109,"column":39},"skip":true},{"start":{"line":110,"column":20},"end":{"line":110,"column":49},"skip":true},{"start":{"line":111,"column":20},"end":{"line":111,"column":58},"skip":true},{"start":{"line":112,"column":20},"end":{"line":112,"column":68},"skip":true}]},"15":{"line":129,"type":"if","locations":[{"start":{"line":129,"column":16},"end":{"line":129,"column":16},"skip":true},{"start":{"line":129,"column":16},"end":{"line":129,"column":16},"skip":true}]},"16":{"line":134,"type":"cond-expr","locations":[{"start":{"line":135,"column":26},"end":{"line":135,"column":29},"skip":true},{"start":{"line":136,"column":26},"end":{"line":136,"column":54},"skip":true}]},"17":{"line":164,"type":"binary-expr","locations":[{"start":{"line":164,"column":27},"end":{"line":164,"column":43},"skip":true},{"start":{"line":164,"column":47},"end":{"line":164,"column":49},"skip":true}]},"18":{"line":258,"type":"if","locations":[{"start":{"line":258,"column":8},"end":{"line":258,"column":8},"skip":true},{"start":{"line":258,"column":8},"end":{"line":258,"column":8},"skip":true}]},"19":{"line":275,"type":"switch","locations":[{"start":{"line":276,"column":20},"end":{"line":277,"column":64},"skip":true},{"start":{"line":278,"column":20},"end":{"line":279,"column":40},"skip":true},{"start":{"line":280,"column":20},"end":{"line":281,"column":40},"skip":true},{"start":{"line":282,"column":20},"end":{"line":283,"column":39},"skip":true}]},"20":{"line":288,"type":"if","locations":[{"start":{"line":288,"column":8},"end":{"line":288,"column":8},"skip":true},{"start":{"line":288,"column":8},"end":{"line":288,"column":8},"skip":true}]},"21":{"line":288,"type":"binary-expr","locations":[{"start":{"line":288,"column":12},"end":{"line":288,"column":40},"skip":true},{"start":{"line":288,"column":44},"end":{"line":288,"column":67},"skip":true}]},"22":{"line":292,"type":"binary-expr","locations":[{"start":{"line":292,"column":12},"end":{"line":292,"column":50},"skip":true},{"start":{"line":293,"column":12},"end":{"line":293,"column":53},"skip":true}]},"23":{"line":297,"type":"binary-expr","locations":[{"start":{"line":297,"column":12},"end":{"line":297,"column":68},"skip":true},{"start":{"line":298,"column":12},"end":{"line":301,"column":36},"skip":true}]},"24":{"line":303,"type":"binary-expr","locations":[{"start":{"line":303,"column":43},"end":{"line":303,"column":75},"skip":true},{"start":{"line":303,"column":79},"end":{"line":303,"column":81},"skip":true}]},"25":{"line":306,"type":"if","locations":[{"start":{"line":306,"column":8},"end":{"line":306,"column":8},"skip":true},{"start":{"line":306,"column":8},"end":{"line":306,"column":8},"skip":true}]},"26":{"line":310,"type":"if","locations":[{"start":{"line":310,"column":8},"end":{"line":310,"column":8},"skip":true},{"start":{"line":310,"column":8},"end":{"line":310,"column":8},"skip":true}]},"27":{"line":313,"type":"binary-expr","locations":[{"start":{"line":313,"column":27},"end":{"line":313,"column":43},"skip":true},{"start":{"line":313,"column":47},"end":{"line":313,"column":53},"skip":true}]},"28":{"line":317,"type":"if","locations":[{"start":{"line":317,"column":12},"end":{"line":317,"column":12},"skip":true},{"start":{"line":317,"column":12},"end":{"line":317,"column":12},"skip":true}]}},"code":["/*","example.js","","quickstart example","","instruction","    1. save this script as example.js","    2. run the shell command:","        $ npm install npmtest-react-flux && PORT=8081 node example.js","    3. play with the browser-demo on http://127.0.0.1:8081","*/","","","","/* istanbul instrument in package npmtest_react_flux */","/*jslint","    bitwise: true,","    browser: true,","    maxerr: 8,","    maxlen: 96,","    node: true,","    nomen: true,","    regexp: true,","    stupid: true","*/","(function () {","    'use strict';","    var local;","","","","    // run shared js-env code - init-before","    (function () {","        // init local","        local = {};","        // init modeJs","        local.modeJs = (function () {","            try {","                return typeof navigator.userAgent === 'string' &&","                    typeof document.querySelector('body') === 'object' &&","                    typeof XMLHttpRequest.prototype.open === 'function' &&","                    'browser';","            } catch (errorCaughtBrowser) {","                return module.exports &&","                    typeof process.versions.node === 'string' &&","                    typeof require('http').createServer === 'function' &&","                    'node';","            }","        }());","        // init global","        local.global = local.modeJs === 'browser'","            ? window","            : global;","        // init utility2_rollup","        local = local.global.utility2_rollup || (local.modeJs === 'browser'","            ? local.global.utility2_npmtest_react_flux","            : global.utility2_moduleExports);","        // export local","        local.global.local = local;","    }());","    switch (local.modeJs) {","","","","    // init-after","    // run browser js-env code - init-after","    /* istanbul ignore next */","    case 'browser':","        local.testRunBrowser = function (event) {","            if (!event || (event &&","                    event.currentTarget &&","                    event.currentTarget.className &&","                    event.currentTarget.className.includes &&","                    event.currentTarget.className.includes('onreset'))) {","                // reset output","                Array.from(","                    document.querySelectorAll('body > .resettable')","                ).forEach(function (element) {","                    switch (element.tagName) {","                    case 'INPUT':","                    case 'TEXTAREA':","                        element.value = '';","                        break;","                    default:","                        element.textContent = '';","                    }","                });","            }","            switch (event && event.currentTarget && event.currentTarget.id) {","            case 'testRunButton1':","                // show tests","                if (document.querySelector('#testReportDiv1').style.display === 'none') {","                    document.querySelector('#testReportDiv1').style.display = 'block';","                    document.querySelector('#testRunButton1').textContent =","                        'hide internal test';","                    local.modeTest = true;","                    local.testRunDefault(local);","                // hide tests","                } else {","                    document.querySelector('#testReportDiv1').style.display = 'none';","                    document.querySelector('#testRunButton1').textContent = 'run internal test';","                }","                break;","            // custom-case","            default:","                break;","            }","            if (document.querySelector('#inputTextareaEval1') && (!event || (event &&","                    event.currentTarget &&","                    event.currentTarget.className &&","                    event.currentTarget.className.includes &&","                    event.currentTarget.className.includes('oneval')))) {","                // try to eval input-code","                try {","                    /*jslint evil: true*/","                    eval(document.querySelector('#inputTextareaEval1').value);","                } catch (errorCaught) {","                    console.error(errorCaught);","                }","            }","        };","        // log stderr and stdout to #outputTextareaStdout1","        ['error', 'log'].forEach(function (key) {","            console[key + '_original'] = console[key];","            console[key] = function () {","                var element;","                console[key + '_original'].apply(console, arguments);","                element = document.querySelector('#outputTextareaStdout1');","                if (!element) {","                    return;","                }","                // append text to #outputTextareaStdout1","                element.value += Array.from(arguments).map(function (arg) {","                    return typeof arg === 'string'","                        ? arg","                        : JSON.stringify(arg, null, 4);","                }).join(' ') + '\\n';","                // scroll textarea to bottom","                element.scrollTop = element.scrollHeight;","            };","        });","        // init event-handling","        ['change', 'click', 'keyup'].forEach(function (event) {","            Array.from(document.querySelectorAll('.on' + event)).forEach(function (element) {","                element.addEventListener(event, local.testRunBrowser);","            });","        });","        // run tests","        local.testRunBrowser();","        break;","","","","    // run node js-env code - init-after","    /* istanbul ignore next */","    case 'node':","        // export local","        module.exports = local;","        // require modules","        local.fs = require('fs');","        local.http = require('http');","        local.url = require('url');","        // init assets","        local.assetsDict = local.assetsDict || {};","        /* jslint-ignore-begin */","        local.assetsDict['/assets.index.template.html'] = '\\","<!doctype html>\\n\\","<html lang=\"en\">\\n\\","<head>\\n\\","<meta charset=\"UTF-8\">\\n\\","<meta name=\"viewport\" content=\"width=device-width, initial-scale=1\">\\n\\","<title>{{env.npm_package_name}} (v{{env.npm_package_version}})</title>\\n\\","<style>\\n\\","/*csslint\\n\\","    box-sizing: false,\\n\\","    universal-selector: false\\n\\","*/\\n\\","* {\\n\\","    box-sizing: border-box;\\n\\","}\\n\\","body {\\n\\","    background: #dde;\\n\\","    font-family: Arial, Helvetica, sans-serif;\\n\\","    margin: 2rem;\\n\\","}\\n\\","body > * {\\n\\","    margin-bottom: 1rem;\\n\\","}\\n\\",".utility2FooterDiv {\\n\\","    margin-top: 20px;\\n\\","    text-align: center;\\n\\","}\\n\\","</style>\\n\\","<style>\\n\\","/*csslint\\n\\","*/\\n\\","textarea {\\n\\","    font-family: monospace;\\n\\","    height: 10rem;\\n\\","    width: 100%;\\n\\","}\\n\\","textarea[readonly] {\\n\\","    background: #ddd;\\n\\","}\\n\\","</style>\\n\\","</head>\\n\\","<body>\\n\\","<!-- utility2-comment\\n\\","<div id=\"ajaxProgressDiv1\" style=\"background: #d00; height: 2px; left: 0; margin: 0; padding: 0; position: fixed; top: 0; transition: background 0.5s, width 1.5s; width: 25%;\"></div>\\n\\","utility2-comment -->\\n\\","<h1>\\n\\","<!-- utility2-comment\\n\\","    <a\\n\\","        {{#if env.npm_package_homepage}}\\n\\","        href=\"{{env.npm_package_homepage}}\"\\n\\","        {{/if env.npm_package_homepage}}\\n\\","        target=\"_blank\"\\n\\","    >\\n\\","utility2-comment -->\\n\\","        {{env.npm_package_name}} (v{{env.npm_package_version}})\\n\\","<!-- utility2-comment\\n\\","    </a>\\n\\","utility2-comment -->\\n\\","</h1>\\n\\","<h3>{{env.npm_package_description}}</h3>\\n\\","<!-- utility2-comment\\n\\","<h4><a download href=\"assets.app.js\">download standalone app</a></h4>\\n\\","<button class=\"onclick onreset\" id=\"testRunButton1\">run internal test</button><br>\\n\\","<div id=\"testReportDiv1\" style=\"display: none;\"></div>\\n\\","utility2-comment -->\\n\\","\\n\\","\\n\\","\\n\\","<label>stderr and stdout</label>\\n\\","<textarea class=\"resettable\" id=\"outputTextareaStdout1\" readonly></textarea>\\n\\","<!-- utility2-comment\\n\\","{{#if isRollup}}\\n\\","<script src=\"assets.app.js\"></script>\\n\\","{{#unless isRollup}}\\n\\","utility2-comment -->\\n\\","<script src=\"assets.utility2.rollup.js\"></script>\\n\\","<script src=\"jsonp.utility2._stateInit?callback=window.utility2._stateInit\"></script>\\n\\","<script src=\"assets.npmtest_react_flux.rollup.js\"></script>\\n\\","<script src=\"assets.example.js\"></script>\\n\\","<script src=\"assets.test.js\"></script>\\n\\","<!-- utility2-comment\\n\\","{{/if isRollup}}\\n\\","utility2-comment -->\\n\\","<div class=\"utility2FooterDiv\">\\n\\","    [ this app was created with\\n\\","    <a href=\"https://github.com/kaizhu256/node-utility2\" target=\"_blank\">utility2</a>\\n\\","    ]\\n\\","</div>\\n\\","</body>\\n\\","</html>\\n\\","';","        /* jslint-ignore-end */","        if (local.templateRender) {","            local.assetsDict['/'] = local.templateRender(","                local.assetsDict['/assets.index.template.html'],","                {","                    env: local.objectSetDefault(local.env, {","                        npm_package_description: 'the greatest app in the world!',","                        npm_package_name: 'my-app',","                        npm_package_nameAlias: 'my_app',","                        npm_package_version: '0.0.1'","                    })","                }","            );","        } else {","            local.assetsDict['/'] = local.assetsDict['/assets.index.template.html']","                .replace((/\\{\\{env\\.(\\w+?)\\}\\}/g), function (match0, match1) {","                    // jslint-hack","                    String(match0);","                    switch (match1) {","                    case 'npm_package_description':","                        return 'the greatest app in the world!';","                    case 'npm_package_name':","                        return 'my-app';","                    case 'npm_package_nameAlias':","                        return 'my_app';","                    case 'npm_package_version':","                        return '0.0.1';","                    }","                });","        }","        // run the cli","        if (local.global.utility2_rollup || module !== require.main) {","            break;","        }","        local.assetsDict['/assets.example.js'] =","            local.assetsDict['/assets.example.js'] ||","            local.fs.readFileSync(__filename, 'utf8');","        // bug-workaround - long $npm_package_buildCustomOrg","        /* jslint-ignore-begin */","        local.assetsDict['/assets.npmtest_react_flux.rollup.js'] =","            local.assetsDict['/assets.npmtest_react_flux.rollup.js'] ||","            local.fs.readFileSync(","                local.npmtest_react_flux.__dirname + '/lib.npmtest_react_flux.js',","                'utf8'","            ).replace((/^#!/), '//');","        /* jslint-ignore-end */","        local.assetsDict['/favicon.ico'] = local.assetsDict['/favicon.ico'] || '';","        // if $npm_config_timeout_exit exists,","        // then exit this process after $npm_config_timeout_exit ms","        if (Number(process.env.npm_config_timeout_exit)) {","            setTimeout(process.exit, Number(process.env.npm_config_timeout_exit));","        }","        // start server","        if (local.global.utility2_serverHttp1) {","            break;","        }","        process.env.PORT = process.env.PORT || '8081';","        console.error('server starting on port ' + process.env.PORT);","        local.http.createServer(function (request, response) {","            request.urlParsed = local.url.parse(request.url);","            if (local.assetsDict[request.urlParsed.pathname] !== undefined) {","                response.end(local.assetsDict[request.urlParsed.pathname]);","                return;","            }","            response.statusCode = 404;","            response.end();","        }).listen(process.env.PORT);","        break;","    }","}());",""],"l":{"26":2,"28":2,"33":2,"35":2,"37":2,"38":2,"39":2,"44":1,"51":2,"55":2,"59":2,"61":2,"69":1,"70":2,"76":2,"79":2,"82":2,"83":2,"85":1,"89":2,"92":1,"93":1,"94":1,"96":1,"97":1,"100":1,"101":1,"103":1,"106":1,"108":2,"114":1,"116":1,"118":1,"123":1,"124":2,"125":2,"126":3,"127":3,"128":3,"129":3,"130":1,"133":3,"134":3,"139":3,"143":1,"144":3,"145":1,"149":1,"150":1,"158":1,"160":1,"161":1,"162":1,"164":1,"166":1,"258":1,"259":1,"271":1,"274":6,"275":6,"277":1,"279":2,"281":1,"283":2,"288":1,"289":1,"291":1,"296":1,"303":1,"306":1,"307":1,"310":1,"311":1,"313":1,"314":1,"315":1,"316":1,"317":1,"318":1,"319":1,"321":1,"322":1,"324":1}},"/home/travis/build/npmtest/node-npmtest-react-flux/node_modules/react-flux/index.js":{"path":"/home/travis/build/npmtest/node-npmtest-react-flux/node_modules/react-flux/index.js","s":{"1":1},"b":{},"f":{},"fnMap":{},"statementMap":{"1":{"start":{"line":1,"column":0},"end":{"line":1,"column":40}}},"branchMap":{},"code":["module.exports = require('./lib/index');"],"l":{"1":1}},"/home/travis/build/npmtest/node-npmtest-react-flux/node_modules/react-flux/lib/index.js":{"path":"/home/travis/build/npmtest/node-npmtest-react-flux/node_modules/react-flux/lib/index.js","s":{"1":1,"2":1,"3":1,"4":1,"5":1,"6":1,"7":1,"8":1,"9":0,"10":0,"11":0,"12":0},"b":{},"f":{"1":0,"2":0,"3":0,"4":0},"fnMap":{"1":{"name":"(anonymous_1)","line":17,"loc":{"start":{"line":17,"column":16},"end":{"line":17,"column":35}}},"2":{"name":"(anonymous_2)","line":26,"loc":{"start":{"line":26,"column":14},"end":{"line":26,"column":46}}},"3":{"name":"(anonymous_3)","line":35,"loc":{"start":{"line":35,"column":18},"end":{"line":35,"column":47}}},"4":{"name":"(anonymous_4)","line":44,"loc":{"start":{"line":44,"column":11},"end":{"line":44,"column":40}}}},"statementMap":{"1":{"start":{"line":1,"column":0},"end":{"line":1,"column":39}},"2":{"start":{"line":2,"column":0},"end":{"line":2,"column":35}},"3":{"start":{"line":3,"column":0},"end":{"line":3,"column":31}},"4":{"start":{"line":4,"column":0},"end":{"line":4,"column":37}},"5":{"start":{"line":5,"column":0},"end":{"line":5,"column":41}},"6":{"start":{"line":6,"column":0},"end":{"line":6,"column":35}},"7":{"start":{"line":8,"column":0},"end":{"line":8,"column":34}},"8":{"start":{"line":10,"column":0},"end":{"line":58,"column":2}},"9":{"start":{"line":18,"column":2},"end":{"line":18,"column":42}},"10":{"start":{"line":27,"column":2},"end":{"line":27,"column":53}},"11":{"start":{"line":36,"column":2},"end":{"line":36,"column":42}},"12":{"start":{"line":45,"column":2},"end":{"line":45,"column":41}}},"branchMap":{},"code":["var Constants = require('./constants');","var Actions = require('./actions');","var Store = require('./store');","var MixinFor = require('./mixinFor');","var Dispatcher = require('./dispatcher');","var Configs = require('./configs');","","var dispatcher = new Dispatcher();","","module.exports = {","","\tconfigs: Configs,","\t/**","\t * createActions","\t * @param {object} actions","\t */","\tcreateActions: function (actions) {","\t\treturn new Actions(dispatcher, actions);","\t},","","\t/**","\t * createStore","\t * @param {object} storeMixin","\t * @param {array} handlers","\t */","\tcreateStore: function (storeMixin, handlers) {","\t\treturn new Store(dispatcher, storeMixin, handlers);","\t},","","\t/**","\t * createConstants","\t * @param {array} constants","\t *","\t */","\tcreateConstants: function (constants, prefix) {","\t\treturn new Constants(constants, prefix);","\t},","","\t/**","\t * dispatch a message","\t * @param {string} constant","\t * @param {object} payload","\t */","\tdispatch: function (constant, payload) {","\t\tdispatcher.dispatch(constant, payload);","\t},","","\t/**","\t * The global dispatcher","\t */","\tdispatcher: dispatcher,","","\t/**","\t * Mixin","\t */","\tmixinFor: MixinFor","","};",""],"l":{"1":1,"2":1,"3":1,"4":1,"5":1,"6":1,"8":1,"10":1,"18":0,"27":0,"36":0,"45":0}},"/home/travis/build/npmtest/node-npmtest-react-flux/node_modules/react-flux/lib/constants.js":{"path":"/home/travis/build/npmtest/node-npmtest-react-flux/node_modules/react-flux/lib/constants.js","s":{"1":1,"2":1,"3":1,"4":1,"5":1,"6":0,"7":0,"8":0,"9":0,"10":0,"11":0,"12":0,"13":0,"14":0,"15":0,"16":0,"17":0,"18":0,"19":0,"20":0,"21":0},"b":{"1":[0,0],"2":[0,0],"3":[0,0],"4":[0,0],"5":[0,0]},"f":{"1":0,"2":0},"fnMap":{"1":{"name":"(anonymous_1)","line":7,"loc":{"start":{"line":7,"column":17},"end":{"line":7,"column":46}}},"2":{"name":"(anonymous_2)","line":24,"loc":{"start":{"line":24,"column":21},"end":{"line":24,"column":41}}}},"statementMap":{"1":{"start":{"line":1,"column":0},"end":{"line":1,"column":52}},"2":{"start":{"line":2,"column":0},"end":{"line":2,"column":46}},"3":{"start":{"line":3,"column":0},"end":{"line":3,"column":48}},"4":{"start":{"line":5,"column":0},"end":{"line":5,"column":48}},"5":{"start":{"line":7,"column":0},"end":{"line":37,"column":2}},"6":{"start":{"line":9,"column":1},"end":{"line":11,"column":2}},"7":{"start":{"line":10,"column":2},"end":{"line":10,"column":87}},"8":{"start":{"line":13,"column":1},"end":{"line":13,"column":23}},"9":{"start":{"line":15,"column":1},"end":{"line":17,"column":2}},"10":{"start":{"line":16,"column":2},"end":{"line":16,"column":69}},"11":{"start":{"line":19,"column":1},"end":{"line":21,"column":2}},"12":{"start":{"line":20,"column":2},"end":{"line":20,"column":27}},"13":{"start":{"line":23,"column":1},"end":{"line":23,"column":14}},"14":{"start":{"line":24,"column":1},"end":{"line":34,"column":4}},"15":{"start":{"line":26,"column":2},"end":{"line":28,"column":3}},"16":{"start":{"line":27,"column":3},"end":{"line":27,"column":74}},"17":{"start":{"line":30,"column":2},"end":{"line":30,"column":36}},"18":{"start":{"line":31,"column":2},"end":{"line":31,"column":101}},"19":{"start":{"line":32,"column":2},"end":{"line":32,"column":95}},"20":{"start":{"line":33,"column":2},"end":{"line":33,"column":97}},"21":{"start":{"line":35,"column":1},"end":{"line":35,"column":12}}},"branchMap":{"1":{"line":9,"type":"if","locations":[{"start":{"line":9,"column":1},"end":{"line":9,"column":1}},{"start":{"line":9,"column":1},"end":{"line":9,"column":1}}]},"2":{"line":13,"type":"binary-expr","locations":[{"start":{"line":13,"column":10},"end":{"line":13,"column":16}},{"start":{"line":13,"column":20},"end":{"line":13,"column":22}}]},"3":{"line":15,"type":"if","locations":[{"start":{"line":15,"column":1},"end":{"line":15,"column":1}},{"start":{"line":15,"column":1},"end":{"line":15,"column":1}}]},"4":{"line":19,"type":"if","locations":[{"start":{"line":19,"column":1},"end":{"line":19,"column":1}},{"start":{"line":19,"column":1},"end":{"line":19,"column":1}}]},"5":{"line":26,"type":"if","locations":[{"start":{"line":26,"column":2},"end":{"line":26,"column":2}},{"start":{"line":26,"column":2},"end":{"line":26,"column":2}}]}},"code":["var _forEach = require('lodash/collection/forEach');","var _isArray = require('lodash/lang/isArray');","var _isString = require('lodash/lang/isString');","","var cfgs = require('./configs').constants.get();","","module.exports = function (constants, prefix) {","","\tif (!_isArray(constants)) {","\t\tthrow new Error('createConstants expects first parameter to be an array of strings');","\t}","","\tprefix = prefix || '';","","\tif (!_isString(prefix)) {","\t\tthrow new Error('createConstants expects second parameter string');","\t}","","\tif (prefix.length > 0) {","\t\tprefix += cfgs.separator;","\t}","","\tvar ret = {};","\t_forEach(constants, function (constant) {","","\t\tif (!_isString(constant)) {","\t\t\tthrow new Error('createConstants expects all constants to be strings');","\t\t}","","\t\tret[constant] = prefix + constant;","\t\tret[constant + '_' + cfgs.successSuffix] = prefix + constant + cfgs.separator + cfgs.successSuffix;","\t\tret[constant + '_' + cfgs.failSuffix] = prefix + constant + cfgs.separator + cfgs.failSuffix;","\t\tret[constant + '_' + cfgs.afterSuffix] = prefix + constant + cfgs.separator + cfgs.afterSuffix;","\t});","\treturn ret;","","};",""],"l":{"1":1,"2":1,"3":1,"5":1,"7":1,"9":0,"10":0,"13":0,"15":0,"16":0,"19":0,"20":0,"23":0,"24":0,"26":0,"27":0,"30":0,"31":0,"32":0,"33":0,"35":0}},"/home/travis/build/npmtest/node-npmtest-react-flux/node_modules/react-flux/lib/configs.js":{"path":"/home/travis/build/npmtest/node-npmtest-react-flux/node_modules/react-flux/lib/configs.js","s":{"1":1,"2":1,"3":1,"4":1,"5":1,"6":1,"7":1,"8":0,"9":0,"10":0,"11":0,"12":0,"13":0,"14":0,"15":0,"16":0,"17":0,"18":0,"19":0,"20":0,"21":0,"22":0,"23":0,"24":3},"b":{"1":[0,0],"2":[0,0],"3":[0,0],"4":[0,0],"5":[0,0],"6":[0,0],"7":[0,0],"8":[0,0]},"f":{"1":0,"2":0,"3":0,"4":0,"5":0,"6":3},"fnMap":{"1":{"name":"(anonymous_1)","line":28,"loc":{"start":{"line":28,"column":16},"end":{"line":28,"column":37}}},"2":{"name":"(anonymous_2)","line":38,"loc":{"start":{"line":38,"column":20},"end":{"line":38,"column":38}}},"3":{"name":"(anonymous_3)","line":48,"loc":{"start":{"line":48,"column":17},"end":{"line":48,"column":35}}},"4":{"name":"(anonymous_4)","line":58,"loc":{"start":{"line":58,"column":18},"end":{"line":58,"column":36}}},"5":{"name":"(anonymous_5)","line":68,"loc":{"start":{"line":68,"column":19},"end":{"line":68,"column":31}}},"6":{"name":"(anonymous_6)","line":75,"loc":{"start":{"line":75,"column":7},"end":{"line":75,"column":19}}}},"statementMap":{"1":{"start":{"line":1,"column":0},"end":{"line":1,"column":48}},"2":{"start":{"line":3,"column":0},"end":{"line":3,"column":38}},"3":{"start":{"line":4,"column":0},"end":{"line":4,"column":49}},"4":{"start":{"line":5,"column":0},"end":{"line":5,"column":43}},"5":{"start":{"line":6,"column":0},"end":{"line":6,"column":45}},"6":{"start":{"line":8,"column":0},"end":{"line":16,"column":2}},"7":{"start":{"line":18,"column":0},"end":{"line":81,"column":2}},"8":{"start":{"line":29,"column":3},"end":{"line":31,"column":4}},"9":{"start":{"line":30,"column":4},"end":{"line":30,"column":70}},"10":{"start":{"line":32,"column":3},"end":{"line":32,"column":43}},"11":{"start":{"line":39,"column":3},"end":{"line":41,"column":4}},"12":{"start":{"line":40,"column":4},"end":{"line":40,"column":74}},"13":{"start":{"line":42,"column":3},"end":{"line":42,"column":44}},"14":{"start":{"line":49,"column":3},"end":{"line":51,"column":4}},"15":{"start":{"line":50,"column":4},"end":{"line":50,"column":71}},"16":{"start":{"line":52,"column":3},"end":{"line":52,"column":41}},"17":{"start":{"line":59,"column":3},"end":{"line":61,"column":4}},"18":{"start":{"line":60,"column":4},"end":{"line":60,"column":72}},"19":{"start":{"line":62,"column":3},"end":{"line":62,"column":42}},"20":{"start":{"line":69,"column":3},"end":{"line":69,"column":61}},"21":{"start":{"line":70,"column":3},"end":{"line":70,"column":70}},"22":{"start":{"line":71,"column":3},"end":{"line":71,"column":64}},"23":{"start":{"line":72,"column":3},"end":{"line":72,"column":66}},"24":{"start":{"line":76,"column":3},"end":{"line":76,"column":28}}},"branchMap":{"1":{"line":29,"type":"if","locations":[{"start":{"line":29,"column":3},"end":{"line":29,"column":3}},{"start":{"line":29,"column":3},"end":{"line":29,"column":3}}]},"2":{"line":29,"type":"binary-expr","locations":[{"start":{"line":29,"column":7},"end":{"line":29,"column":28}},{"start":{"line":29,"column":32},"end":{"line":29,"column":49}}]},"3":{"line":39,"type":"if","locations":[{"start":{"line":39,"column":3},"end":{"line":39,"column":3}},{"start":{"line":39,"column":3},"end":{"line":39,"column":3}}]},"4":{"line":39,"type":"binary-expr","locations":[{"start":{"line":39,"column":7},"end":{"line":39,"column":25}},{"start":{"line":39,"column":29},"end":{"line":39,"column":43}}]},"5":{"line":49,"type":"if","locations":[{"start":{"line":49,"column":3},"end":{"line":49,"column":3}},{"start":{"line":49,"column":3},"end":{"line":49,"column":3}}]},"6":{"line":49,"type":"binary-expr","locations":[{"start":{"line":49,"column":7},"end":{"line":49,"column":25}},{"start":{"line":49,"column":29},"end":{"line":49,"column":43}}]},"7":{"line":59,"type":"if","locations":[{"start":{"line":59,"column":3},"end":{"line":59,"column":3}},{"start":{"line":59,"column":3},"end":{"line":59,"column":3}}]},"8":{"line":59,"type":"binary-expr","locations":[{"start":{"line":59,"column":7},"end":{"line":59,"column":25}},{"start":{"line":59,"column":29},"end":{"line":59,"column":43}}]}},"code":["var _isString = require('lodash/lang/isString');","","var CONSTANTS_DEFAULT_SEPARATOR = '_';","var CONSTANTS_DEFAULT_SUCCESS_SUFFIX = 'SUCCESS';","var CONSTANTS_DEFAULT_FAIL_SUFFIX = 'FAIL';","var CONSTANTS_DEFAULT_AFTER_SUFFIX = 'AFTER';","","var CONFIGS = {","\tconstants: {","\t\tseparator: CONSTANTS_DEFAULT_SEPARATOR,","\t\tsuccessSuffix: CONSTANTS_DEFAULT_SUCCESS_SUFFIX,","\t\tfailSuffix: CONSTANTS_DEFAULT_FAIL_SUFFIX,","\t\tafterSuffix: CONSTANTS_DEFAULT_AFTER_SUFFIX","","\t}","};","","module.exports = {","","\t/**","\t * constants","\t */","\tconstants: {","","\t\t/**","\t\t * @param {string} separator","\t\t */","\t\tsetSeparator: function (separator) {","\t\t\tif (!_isString(separator) || !separator.length) {","\t\t\t\tthrow new Error('Constants.separator must be a non empty string');","\t\t\t}","\t\t\tCONFIGS.constants.separator = separator;","\t\t},","","\t\t/**","\t\t * @param {string} suffix","\t\t */","\t\tsetSuccessSuffix: function (suffix) {","\t\t\tif (!_isString(suffix) || !suffix.length) {","\t\t\t\tthrow new Error('Constants.successSuffix must be a non empty string');","\t\t\t}","\t\t\tCONFIGS.constants.successSuffix = suffix;","\t\t},","","\t\t/**","\t\t * @param {string} suffix","\t\t */","\t\tsetFailSuffix: function (suffix) {","\t\t\tif (!_isString(suffix) || !suffix.length) {","\t\t\t\tthrow new Error('Constants.failSuffix must be a non empty string');","\t\t\t}","\t\t\tCONFIGS.constants.failSuffix = suffix;","\t\t},","","\t\t/**","\t\t * @param {string} suffix","\t\t */","\t\tsetAfterSuffix: function (suffix) {","\t\t\tif (!_isString(suffix) || !suffix.length) {","\t\t\t\tthrow new Error('Constants.afterSuffix must be a non empty string');","\t\t\t}","\t\t\tCONFIGS.constants.afterSuffix = suffix;","\t\t},","","\t\t/**","\t\t *","\t\t */","\t\tresetToDefaults: function () {","\t\t\tCONFIGS.constants.separator = CONSTANTS_DEFAULT_SEPARATOR;","\t\t\tCONFIGS.constants.successSuffix = CONSTANTS_DEFAULT_SUCCESS_SUFFIX;","\t\t\tCONFIGS.constants.failSuffix = CONSTANTS_DEFAULT_FAIL_SUFFIX;","\t\t\tCONFIGS.constants.afterSuffix = CONSTANTS_DEFAULT_AFTER_SUFFIX;","\t\t},","","\t\tget: function () {","\t\t\treturn CONFIGS.constants;","\t\t}","","\t}","","};",""],"l":{"1":1,"3":1,"4":1,"5":1,"6":1,"8":1,"18":1,"29":0,"30":0,"32":0,"39":0,"40":0,"42":0,"49":0,"50":0,"52":0,"59":0,"60":0,"62":0,"69":0,"70":0,"71":0,"72":0,"76":3}},"/home/travis/build/npmtest/node-npmtest-react-flux/node_modules/react-flux/lib/actions.js":{"path":"/home/travis/build/npmtest/node-npmtest-react-flux/node_modules/react-flux/lib/actions.js","s":{"1":1,"2":1,"3":1,"4":1,"5":1,"6":1,"7":0,"8":0,"9":1,"10":0,"11":0,"12":0,"13":0,"14":0,"15":0,"16":0,"17":0,"18":0,"19":0,"20":0,"21":0,"22":0,"23":0,"24":0,"25":0,"26":0,"27":0,"28":0,"29":0,"30":0,"31":0,"32":0,"33":0,"34":0,"35":0,"36":0,"37":0,"38":1},"b":{"1":[1,1],"2":[0,0],"3":[0,0],"4":[0,0],"5":[0,0],"6":[0,0,0],"7":[0,0]},"f":{"1":0,"2":0,"3":0,"4":0,"5":0,"6":0,"7":0,"8":0,"9":0,"10":0,"11":0},"fnMap":{"1":{"name":"(anonymous_1)","line":8,"loc":{"start":{"line":8,"column":14},"end":{"line":8,"column":44}}},"2":{"name":"(anonymous_2)","line":20,"loc":{"start":{"line":20,"column":19},"end":{"line":20,"column":38}}},"3":{"name":"(anonymous_3)","line":21,"loc":{"start":{"line":21,"column":20},"end":{"line":21,"column":51}}},"4":{"name":"(anonymous_4)","line":28,"loc":{"start":{"line":28,"column":15},"end":{"line":28,"column":27}}},"5":{"name":"(anonymous_5)","line":43,"loc":{"start":{"line":43,"column":16},"end":{"line":43,"column":52}}},"6":{"name":"(anonymous_6)","line":44,"loc":{"start":{"line":44,"column":9},"end":{"line":44,"column":21}}},"7":{"name":"(anonymous_7)","line":53,"loc":{"start":{"line":53,"column":23},"end":{"line":53,"column":44}}},"8":{"name":"(anonymous_8)","line":57,"loc":{"start":{"line":57,"column":30},"end":{"line":57,"column":49}}},"9":{"name":"(anonymous_9)","line":60,"loc":{"start":{"line":60,"column":17},"end":{"line":60,"column":36}}},"10":{"name":"(anonymous_10)","line":64,"loc":{"start":{"line":64,"column":11},"end":{"line":64,"column":24}}},"11":{"name":"(anonymous_11)","line":75,"loc":{"start":{"line":75,"column":12},"end":{"line":75,"column":53}}}},"statementMap":{"1":{"start":{"line":1,"column":0},"end":{"line":1,"column":44}},"2":{"start":{"line":2,"column":0},"end":{"line":2,"column":52}},"3":{"start":{"line":3,"column":0},"end":{"line":3,"column":46}},"4":{"start":{"line":4,"column":0},"end":{"line":4,"column":44}},"5":{"start":{"line":6,"column":0},"end":{"line":6,"column":60}},"6":{"start":{"line":8,"column":0},"end":{"line":13,"column":2}},"7":{"start":{"line":10,"column":1},"end":{"line":10,"column":30}},"8":{"start":{"line":11,"column":1},"end":{"line":11,"column":32}},"9":{"start":{"line":15,"column":0},"end":{"line":82,"column":3}},"10":{"start":{"line":21,"column":2},"end":{"line":35,"column":16}},"11":{"start":{"line":22,"column":3},"end":{"line":24,"column":4}},"12":{"start":{"line":23,"column":4},"end":{"line":23,"column":96}},"13":{"start":{"line":25,"column":3},"end":{"line":25,"column":29}},"14":{"start":{"line":26,"column":3},"end":{"line":26,"column":29}},"15":{"start":{"line":27,"column":3},"end":{"line":33,"column":4}},"16":{"start":{"line":28,"column":4},"end":{"line":29,"column":6}},"17":{"start":{"line":31,"column":8},"end":{"line":33,"column":4}},"18":{"start":{"line":32,"column":4},"end":{"line":32,"column":105}},"19":{"start":{"line":34,"column":3},"end":{"line":34,"column":73}},"20":{"start":{"line":44,"column":2},"end":{"line":67,"column":15}},"21":{"start":{"line":45,"column":3},"end":{"line":45,"column":45}},"22":{"start":{"line":46,"column":3},"end":{"line":46,"column":19}},"23":{"start":{"line":47,"column":3},"end":{"line":56,"column":4}},"24":{"start":{"line":48,"column":4},"end":{"line":48,"column":43}},"25":{"start":{"line":49,"column":4},"end":{"line":51,"column":5}},"26":{"start":{"line":50,"column":5},"end":{"line":50,"column":16}},"27":{"start":{"line":53,"column":4},"end":{"line":55,"column":7}},"28":{"start":{"line":54,"column":5},"end":{"line":54,"column":15}},"29":{"start":{"line":57,"column":3},"end":{"line":66,"column":7}},"30":{"start":{"line":58,"column":4},"end":{"line":58,"column":55}},"31":{"start":{"line":59,"column":4},"end":{"line":59,"column":53}},"32":{"start":{"line":61,"column":4},"end":{"line":61,"column":52}},"33":{"start":{"line":62,"column":4},"end":{"line":62,"column":53}},"34":{"start":{"line":65,"column":5},"end":{"line":65,"column":42}},"35":{"start":{"line":76,"column":2},"end":{"line":78,"column":3}},"36":{"start":{"line":77,"column":3},"end":{"line":77,"column":73}},"37":{"start":{"line":79,"column":2},"end":{"line":79,"column":47}},"38":{"start":{"line":84,"column":0},"end":{"line":84,"column":25}}},"branchMap":{"1":{"line":4,"type":"binary-expr","locations":[{"start":{"line":4,"column":14},"end":{"line":4,"column":21}},{"start":{"line":4,"column":25},"end":{"line":4,"column":43}}]},"2":{"line":22,"type":"if","locations":[{"start":{"line":22,"column":3},"end":{"line":22,"column":3}},{"start":{"line":22,"column":3},"end":{"line":22,"column":3}}]},"3":{"line":27,"type":"if","locations":[{"start":{"line":27,"column":3},"end":{"line":27,"column":3}},{"start":{"line":27,"column":3},"end":{"line":27,"column":3}}]},"4":{"line":31,"type":"if","locations":[{"start":{"line":31,"column":8},"end":{"line":31,"column":8}},{"start":{"line":31,"column":8},"end":{"line":31,"column":8}}]},"5":{"line":49,"type":"if","locations":[{"start":{"line":49,"column":4},"end":{"line":49,"column":4}},{"start":{"line":49,"column":4},"end":{"line":49,"column":4}}]},"6":{"line":49,"type":"binary-expr","locations":[{"start":{"line":49,"column":8},"end":{"line":49,"column":14}},{"start":{"line":49,"column":18},"end":{"line":49,"column":41}},{"start":{"line":49,"column":45},"end":{"line":49,"column":101}}]},"7":{"line":76,"type":"if","locations":[{"start":{"line":76,"column":2},"end":{"line":76,"column":2}},{"start":{"line":76,"column":2},"end":{"line":76,"column":2}}]}},"code":["var _merge = require('lodash/object/merge');","var _forEach = require('lodash/collection/forEach');","var _isArray = require('lodash/lang/isArray');","var Promise = Promise || require('promise');","","var constantsConfigs = require('./configs').constants.get();","","var Actions = function (dispather, actions) {","","\tthis._dispatcher = dispather;","\tthis._registerActions(actions);","","};","","Actions.prototype = _merge(Actions.prototype, {","","\t/**","\t *@param {object} actions","\t */","\t_registerActions: function (actions) {","\t\t_forEach(actions, function (options, actionName) {","\t\t\tif (!_isArray(options)) {","\t\t\t\tthrow new Error('ReactFlux.Actions: Action must be an array {login: [CONSTANT, callback]}');","\t\t\t}","\t\t\tvar constant = options[0];","\t\t\tvar callback = options[1];","\t\t\tif (typeof callback === \"undefined\") {","\t\t\t\tcallback = function () {","\t\t\t\t};","\t\t\t}","\t\t\telse if (typeof callback != 'function') {","\t\t\t\tthrow new Error('ReactFlux.Actions: you did not provide a valid callback for action: ' + actionName);","\t\t\t}","\t\t\tthis[actionName] = this._createAction(actionName, constant, callback);","\t\t}.bind(this));","\t},","","\t/**","\t *@param {string} name","\t *@param {string} constant","\t *@param {string} callback","\t */","\t_createAction: function (name, constant, callback) {","\t\treturn function () {","\t\t\tthis._dispatch(constant, null, arguments);","\t\t\tvar resp = null;","\t\t\ttry {","\t\t\t\tresp = callback.apply(this, arguments);","\t\t\t\tif (!!resp && typeof resp == 'object' && Object.prototype.toString.call(resp) == '[object Error]') {","\t\t\t\t\tthrow resp;","\t\t\t\t}","\t\t\t} catch (e) {","\t\t\t\tresp = new Promise(function (_, reject) {","\t\t\t\t\treject(e);","\t\t\t\t});","\t\t\t}","\t\t\tPromise.resolve(resp).then(function (payload) {","\t\t\t\tthis._dispatch(constant, 'successSuffix', payload);","\t\t\t\tthis._dispatch(constant, 'afterSuffix', payload);","\t\t\t}.bind(this), function (payload) {","\t\t\t\tthis._dispatch(constant, 'failSuffix', payload);","\t\t\t\tthis._dispatch(constant, 'afterSuffix', payload);","\t\t\t}.bind(this))","\t\t\t\t.catch(function (e) {","\t\t\t\t\tconsole.error(e.toString(), e.stack);","\t\t\t\t});","\t\t}.bind(this);","\t},","","\t/**","\t *@param {string} constant","\t *@param {string} suffixName","\t *@param {mixed} payload","\t */","\t_dispatch: function (constant, suffixName, payload) {","\t\tif (!!suffixName) {","\t\t\tconstant += constantsConfigs.separator + constantsConfigs[suffixName];","\t\t}","\t\tthis._dispatcher.dispatch(constant, payload);","\t}","","});","","module.exports = Actions;",""],"l":{"1":1,"2":1,"3":1,"4":1,"6":1,"8":1,"10":0,"11":0,"15":1,"21":0,"22":0,"23":0,"25":0,"26":0,"27":0,"28":0,"31":0,"32":0,"34":0,"44":0,"45":0,"46":0,"47":0,"48":0,"49":0,"50":0,"53":0,"54":0,"57":0,"58":0,"59":0,"61":0,"62":0,"65":0,"76":0,"77":0,"79":0,"84":1}},"/home/travis/build/npmtest/node-npmtest-react-flux/node_modules/react-flux/lib/store.js":{"path":"/home/travis/build/npmtest/node-npmtest-react-flux/node_modules/react-flux/lib/store.js","s":{"1":1,"2":1,"3":1,"4":1,"5":1,"6":1,"7":1,"8":1,"9":0,"10":0,"11":0,"12":0,"13":0,"14":0,"15":0,"16":0,"17":0,"18":0,"19":0,"20":0,"21":1,"22":0,"23":0,"24":0,"25":0,"26":0,"27":0,"28":0,"29":0,"30":0,"31":0,"32":0,"33":0,"34":0,"35":0,"36":1,"37":0,"38":0,"39":0,"40":0,"41":0,"42":0,"43":0,"44":0,"45":0,"46":0,"47":0,"48":0,"49":0,"50":0,"51":0,"52":0,"53":0,"54":0,"55":0,"56":0,"57":0,"58":0,"59":0,"60":0,"61":0,"62":0,"63":0,"64":0,"65":0,"66":0,"67":0,"68":0,"69":0,"70":0,"71":0,"72":0,"73":0,"74":0,"75":0,"76":0,"77":0,"78":0,"79":0,"80":0,"81":0,"82":0,"83":0,"84":0,"85":0,"86":0,"87":0,"88":0,"89":0,"90":0,"91":0,"92":0,"93":0,"94":0,"95":0,"96":0,"97":0,"98":0,"99":0,"100":0,"101":0,"102":0,"103":0,"104":0,"105":0,"106":0,"107":0,"108":0,"109":0,"110":0,"111":0,"112":0,"113":0,"114":0,"115":0,"116":0,"117":0,"118":0,"119":0,"120":0,"121":0,"122":0,"123":0,"124":0,"125":0,"126":0,"127":1},"b":{"1":[0,0],"2":[0,0],"3":[0,0],"4":[0,0],"5":[0,0],"6":[0,0],"7":[0,0],"8":[0,0],"9":[0,0,0],"10":[0,0],"11":[0,0],"12":[0,0],"13":[0,0],"14":[0,0],"15":[0,0],"16":[0,0],"17":[0,0],"18":[0,0],"19":[0,0],"20":[0,0],"21":[0,0],"22":[0,0],"23":[0,0],"24":[0,0],"25":[0,0],"26":[0,0],"27":[0,0],"28":[0,0]},"f":{"1":0,"2":0,"3":0,"4":0,"5":0,"6":0,"7":0,"8":0,"9":0,"10":0,"11":0,"12":0,"13":0,"14":0,"15":0,"16":0,"17":0,"18":0,"19":0,"20":0,"21":0,"22":0,"23":0,"24":0,"25":0,"26":0,"27":0,"28":0,"29":0,"30":0,"31":0,"32":0,"33":0,"34":0,"35":0,"36":0},"fnMap":{"1":{"name":"FluxState","line":12,"loc":{"start":{"line":12,"column":0},"end":{"line":12,"column":30}}},"2":{"name":"(anonymous_2)","line":15,"loc":{"start":{"line":15,"column":15},"end":{"line":15,"column":35}}},"3":{"name":"(anonymous_3)","line":19,"loc":{"start":{"line":19,"column":12},"end":{"line":19,"column":27}}},"4":{"name":"(anonymous_4)","line":23,"loc":{"start":{"line":23,"column":17},"end":{"line":23,"column":32}}},"5":{"name":"(anonymous_5)","line":31,"loc":{"start":{"line":31,"column":21},"end":{"line":31,"column":41}}},"6":{"name":"(anonymous_6)","line":35,"loc":{"start":{"line":35,"column":17},"end":{"line":35,"column":29}}},"7":{"name":"(anonymous_7)","line":39,"loc":{"start":{"line":39,"column":22},"end":{"line":39,"column":34}}},"8":{"name":"(anonymous_8)","line":51,"loc":{"start":{"line":51,"column":12},"end":{"line":51,"column":56}}},"9":{"name":"(anonymous_9)","line":68,"loc":{"start":{"line":68,"column":36},"end":{"line":68,"column":50}}},"10":{"name":"(anonymous_10)","line":79,"loc":{"start":{"line":79,"column":11},"end":{"line":79,"column":31}}},"11":{"name":"(anonymous_11)","line":87,"loc":{"start":{"line":87,"column":15},"end":{"line":87,"column":35}}},"12":{"name":"(anonymous_12)","line":96,"loc":{"start":{"line":96,"column":6},"end":{"line":96,"column":30}}},"13":{"name":"(anonymous_13)","line":100,"loc":{"start":{"line":100,"column":11},"end":{"line":100,"column":35}}},"14":{"name":"(anonymous_14)","line":104,"loc":{"start":{"line":104,"column":11},"end":{"line":104,"column":23}}},"15":{"name":"(anonymous_15)","line":108,"loc":{"start":{"line":108,"column":16},"end":{"line":108,"column":28}}},"16":{"name":"(anonymous_16)","line":117,"loc":{"start":{"line":117,"column":17},"end":{"line":117,"column":47}}},"17":{"name":"(anonymous_17)","line":128,"loc":{"start":{"line":128,"column":19},"end":{"line":128,"column":39}}},"18":{"name":"(anonymous_18)","line":143,"loc":{"start":{"line":143,"column":17},"end":{"line":143,"column":42}}},"19":{"name":"(anonymous_19)","line":159,"loc":{"start":{"line":159,"column":10},"end":{"line":159,"column":22}}},"20":{"name":"(anonymous_20)","line":166,"loc":{"start":{"line":166,"column":11},"end":{"line":166,"column":31}}},"21":{"name":"(anonymous_21)","line":173,"loc":{"start":{"line":173,"column":12},"end":{"line":173,"column":32}}},"22":{"name":"(anonymous_22)","line":182,"loc":{"start":{"line":182,"column":14},"end":{"line":182,"column":36}}},"23":{"name":"(anonymous_23)","line":186,"loc":{"start":{"line":186,"column":23},"end":{"line":186,"column":49}}},"24":{"name":"(anonymous_24)","line":210,"loc":{"start":{"line":210,"column":19},"end":{"line":210,"column":48}}},"25":{"name":"(anonymous_25)","line":219,"loc":{"start":{"line":219,"column":23},"end":{"line":219,"column":43}}},"26":{"name":"(anonymous_26)","line":223,"loc":{"start":{"line":223,"column":21},"end":{"line":223,"column":40}}},"27":{"name":"(anonymous_27)","line":249,"loc":{"start":{"line":249,"column":33},"end":{"line":249,"column":50}}},"28":{"name":"(anonymous_28)","line":268,"loc":{"start":{"line":268,"column":19},"end":{"line":268,"column":39}}},"29":{"name":"(anonymous_29)","line":278,"loc":{"start":{"line":278,"column":19},"end":{"line":278,"column":31}}},"30":{"name":"(anonymous_30)","line":287,"loc":{"start":{"line":287,"column":18},"end":{"line":287,"column":30}}},"31":{"name":"(anonymous_31)","line":290,"loc":{"start":{"line":290,"column":39},"end":{"line":290,"column":53}}},"32":{"name":"(anonymous_32)","line":301,"loc":{"start":{"line":301,"column":11},"end":{"line":301,"column":23}}},"33":{"name":"(anonymous_33)","line":311,"loc":{"start":{"line":311,"column":6},"end":{"line":311,"column":30}}},"34":{"name":"(anonymous_34)","line":324,"loc":{"start":{"line":324,"column":7},"end":{"line":324,"column":31}}},"35":{"name":"(anonymous_35)","line":339,"loc":{"start":{"line":339,"column":8},"end":{"line":339,"column":23}}},"36":{"name":"(anonymous_36)","line":344,"loc":{"start":{"line":344,"column":30},"end":{"line":344,"column":50}}}},"statementMap":{"1":{"start":{"line":1,"column":0},"end":{"line":1,"column":46}},"2":{"start":{"line":2,"column":0},"end":{"line":2,"column":52}},"3":{"start":{"line":3,"column":0},"end":{"line":3,"column":46}},"4":{"start":{"line":4,"column":0},"end":{"line":4,"column":50}},"5":{"start":{"line":5,"column":0},"end":{"line":5,"column":37}},"6":{"start":{"line":7,"column":0},"end":{"line":7,"column":28}},"7":{"start":{"line":9,"column":0},"end":{"line":9,"column":57}},"8":{"start":{"line":12,"column":0},"end":{"line":43,"column":1}},"9":{"start":{"line":13,"column":1},"end":{"line":13,"column":24}},"10":{"start":{"line":15,"column":1},"end":{"line":37,"column":2}},"11":{"start":{"line":16,"column":2},"end":{"line":16,"column":37}},"12":{"start":{"line":20,"column":2},"end":{"line":20,"column":21}},"13":{"start":{"line":24,"column":2},"end":{"line":24,"column":22}},"14":{"start":{"line":25,"column":2},"end":{"line":27,"column":3}},"15":{"start":{"line":26,"column":3},"end":{"line":26,"column":24}},"16":{"start":{"line":28,"column":2},"end":{"line":28,"column":11}},"17":{"start":{"line":32,"column":2},"end":{"line":32,"column":20}},"18":{"start":{"line":36,"column":2},"end":{"line":36,"column":16}},"19":{"start":{"line":39,"column":1},"end":{"line":41,"column":2}},"20":{"start":{"line":40,"column":2},"end":{"line":40,"column":28}},"21":{"start":{"line":51,"column":0},"end":{"line":71,"column":2}},"22":{"start":{"line":52,"column":1},"end":{"line":54,"column":4}},"23":{"start":{"line":55,"column":1},"end":{"l
[...]
","locations":[{"start":{"line":14,"column":1},"end":{"line":14,"column":1}},{"start":{"line":14,"column":1},"end":{"line":14,"column":1}}]},"6":{"line":19,"type":"if","locations":[{"start":{"line":19,"column":1},"end":{"line":19,"column":1}},{"start":{"line":19,"column":1},"end":{"line":19,"column":1}}]},"7":{"line":23,"type":"binary-expr","locations":[{"start":{"line":23,"column":11},"end":{"line":23,"column":18}},{"start":{"line":23,"column":22},"end":{"line":23,"column":24}}]},"8":{"line":27,"type":"binary-expr","locations":[{"start":{"line":27,"column":15},"end":{"line":27,"column":29}},{"start":{"line":27,"column":33},"end":{"line":27,"column":37}}]},"9":{"line":28,"type":"binary-expr","locations":[{"start":{"line":28,"column":14},"end":{"line":28,"column":27}},{"start":{"line":28,"column":31},"end":{"line":28,"column":35}}]},"10":{"line":29,"type":"binary-expr","locations":[{"start":{"line":29,"column":16},"end":{"line":29,"column":31}},{"start":{"line":29,"column":35},"end":{"line":29,"column":39}}]},"11":{"line":30,"type":"binary-expr","locations":[{"start":{"line":30,"column":13},"end":{"line":30,"column":25}},{"start":{"line":30,"column":29},"end":{"line":30,"column":33}}]},"12":{"line":39,"type":"if","locations":[{"start":{"line":39,"column":2},"end":{"line":39,"column":2}},{"start":{"line":39,"column":2},"end":{"line":39,"column":2}}]},"13":{"line":42,"type":"if","locations":[{"start":{"line":42,"column":2},"end":{"line":42,"column":2}},{"start":{"line":42,"column":2},"end":{"line":42,"column":2}}]},"14":{"line":46,"type":"if","locations":[{"start":{"line":46,"column":2},"end":{"line":46,"column":2}},{"start":{"line":46,"column":2},"end":{"line":46,"column":2}}]}},"code":["var _isString = require('lodash/lang/isString');","","var constantsConfigs = require('./configs').constants.get();","","var HANDLER_NAMES = ['before', 'after', 'success', 'fail'];","","function StoreActionHandler(store, constant, configs) {","\tif (!store || typeof store.isStore !== 'function' || !store.isStore()) {","\t\tthrow new Error('StoreActionHandler expects first parameter to be a store');","\t}","\tif (!_isString(constant) || !constant.length) {","\t\tthrow new Error('StoreActionHandler expects second parameter to be a constant(string)');","\t}","\tif (typeof configs.getInitialState == 'undefined') {","\t\tconfigs.getInitialState = function () {","\t\t\treturn {};","\t\t};","\t}","\tif (typeof configs.getInitialState != 'function') {","\t\tthrow new Error('StoreActionHandler expects getInitialState to be a function');","\t}","","\tconfigs = configs || {};","\tthis.parent = store;","\tthis.constant = constant;","\tthis.getInitialState = configs.getInitialState;","\tthis.before = configs.before || null;","\tthis.after = configs.after || null;","\tthis.success = configs.success || null;","\tthis.fail = configs.fail || null;","","\tthis.parent.setActionState(this.constant, this.getInitialState());","","\t//register handlers for this constant","\tvar handlers = [];","\tvar len = HANDLER_NAMES.length;","\tfor (var i = 0; i < len; i++) {","\t\tvar handlerName = HANDLER_NAMES[i];","\t\tif (this[handlerName] === null) {","\t\t\tcontinue;","\t\t}","\t\tif (typeof this[handlerName] !== 'function') {","\t\t\tthrow new Error('StoreActionHandler expects \"' + handlerName + '\" to be a function');","\t\t}","\t\tvar constantName = this.constant;","\t\tif (handlerName !== 'before') {","\t\t\tconstantName += constantsConfigs.separator + constantsConfigs[handlerName + 'Suffix'];","\t\t}","\t\thandlers.push([constantName, this[handlerName].bind(this)]);","\t}","\tstore._setConstantHandlers(handlers);","}","","StoreActionHandler.prototype = {","\t/**","\t * @param {object} newState","\t */","\tsetState: function (newState) {","\t\tthis.parent.setActionState(this.constant, newState);","\t},","\t/**","\t * @return {object} state","\t */","\tgetState: function () {","\t\treturn this.parent.getActionState(this.constant);","\t}","};","","module.exports = StoreActionHandler;",""],"l":{"1":1,"3":1,"5":1,"7":1,"8":0,"9":0,"11":0,"12":0,"14":0,"15":0,"16":0,"19":0,"20":0,"23":0,"24":0,"25":0,"26":0,"27":0,"28":0,"29":0,"30":0,"32":0,"35":0,"36":0,"37":0,"38":0,"39":0,"40":0,"42":0,"43":0,"45":0,"46":0,"47":0,"49":0,"51":0,"54":1,"59":0,"65":0,"69":1}},"/home/travis/build/npmtest/node-npmtest-react-flux/node_modules/react-flux/lib/dispatcher.js":{"path":"/home/travis/build/npmtest/node-npmtest-react-flux/node_modules/react-flux/lib/dispatcher.js","s":{"1":1,"2":1,"3":1,"4":1,"5":1,"6":1,"7":1,"8":1,"9":0,"10":0,"11":0,"12":0,"13":0,"14":0,"15":0,"16":0,"17":0,"18":0,"19":0,"20":0,"21":0,"22":0,"23":0,"24":0,"25":0,"26":0,"27":0,"28":0,"29":0,"30":0,"31":0,"32":0,"33":0,"34":0,"35":0,"36":0,"37":0,"38":0,"39":0,"40":0,"41":0,"42":0,"43":0,"44":0,"45":0,"46":0,"47":0,"48":0,"49":0,"50":0,"51":0,"52":0,"53":0,"54":0,"55":0,"56":0,"57":0,"58":0,"59":1},"b":{"1":[1,1],"2":[0,0],"3":[0,0],"4":[0,0],"5":[0,0],"6":[0,0],"7":[0,0],"8":[0,0],"9":[0,0],"10":[0,0],"11":[0,0]},"f":{"1":1,"2":0,"3":0,"4":0,"5":0,"6":0,"7":0,"8":0,"9":0,"10":0,"11":0,"12":0,"13":0,"14":0,"15":0,"16":0,"17":0,"18":0},"fnMap":{"1":{"name":"Dispatcher","line":10,"loc":{"start":{"line":10,"column":0},"end":{"line":10,"column":22}}},"2":{"name":"(anonymous_2)","line":26,"loc":{"start":{"line":26,"column":11},"end":{"line":26,"column":57}}},"3":{"name":"(anonymous_3)","line":52,"loc":{"start":{"line":52,"column":11},"end":{"line":52,"column":40}}},"4":{"name":"(anonymous_4)","line":61,"loc":{"start":{"line":61,"column":12},"end":{"line":61,"column":32}}},"5":{"name":"(anonymous_5)","line":72,"loc":{"start":{"line":72,"column":31},"end":{"line":72,"column":56}}},"6":{"name":"(anonymous_6)","line":74,"loc":{"start":{"line":74,"column":19},"end":{"line":74,"column":53}}},"7":{"name":"(anonymous_7)","line":75,"loc":{"start":{"line":75,"column":11},"end":{"line":75,"column":23}}},"8":{"name":"(anonymous_8)","line":76,"loc":{"start":{"line":76,"column":60},"end":{"line":76,"column":72}}},"9":{"name":"(anonymous_9)","line":78,"loc":{"start":{"line":78,"column":8},"end":{"line":78,"column":20}}},"10":{"name":"(anonymous_10)","line":98,"loc":{"start":{"line":98,"column":38},"end":{"line":98,"column":50}}},"11":{"name":"(anonymous_11)","line":100,"loc":{"start":{"line":100,"column":16},"end":{"line":100,"column":28}}},"12":{"name":"(anonymous_12)","line":111,"loc":{"start":{"line":111,"column":15},"end":{"line":111,"column":35}}},"13":{"name":"(anonymous_13)","line":130,"loc":{"start":{"line":130,"column":24},"end":{"line":130,"column":53}}},"14":{"name":"(anonymous_14)","line":131,"loc":{"start":{"line":131,"column":21},"end":{"line":131,"column":36}}},"15":{"name":"(anonymous_15)","line":140,"loc":{"start":{"line":140,"column":26},"end":{"line":140,"column":46}}},"16":{"name":"(anonymous_16)","line":144,"loc":{"start":{"line":144,"column":31},"end":{"line":144,"column":54}}},"17":{"name":"(anonymous_17)","line":145,"loc":{"start":{"line":145,"column":38},"end":{"line":145,"column":65}}},"18":{"name":"(anonymous_18)","line":157,"loc":{"start":{"line":157,"column":17},"end":{"line":157,"column":37}}}},"statementMap":{"1":{"start":{"line":1,"column":0},"end":{"line":1,"column":44}},"2":{"start":{"line":2,"column":0},"end":{"line":2,"column":44}},"3":{"start":{"line":3,"column":0},"end":{"line":3,"column":46}},"4":{"start":{"line":4,"column":0},"end":{"line":4,"column":48}},"5":{"start":{"line":5,"column":0},"end":{"line":5,"column":52}},"6":{"start":{"line":10,"column":0},"end":{"line":16,"column":1}},"7":{"start":{"line":15,"column":1},"end":{"line":15,"column":21}},"8":{"start":{"line":18,"column":0},"end":{"line":165,"column":3}},"9":{"start":{"line":27,"column":2},"end":{"line":29,"column":3}},"10":{"start":{"line":28,"column":3},"end":{"line":28,"column":69}},"11":{"start":{"line":30,"column":2},"end":{"line":30,"column":42}},"12":{"start":{"line":32,"column":2},"end":{"line":34,"column":3}},"13":{"start":{"line":33,"column":3},"end":{"line":33,"column":84}},"14":{"start":{"line":36,"column":2},"end":{"line":38,"column":3}},"15":{"start":{"line":37,"column":3},"end":{"line":37,"column":89}},"16":{"start":{"line":40,"column":2},"end":{"line":40,"column":45}},"17":{"start":{"line":41,"column":2},"end":{"line":41,"column":36}},"18":{"start":{"line":42,"column":2},"end":{"line":42,"column":40}},"19":{"start":{"line":43,"column":2},"end":{"line":43,"column":39}},"20":{"start":{"line":53,"column":2},"end":{"line":53,"column":45}},"21":{"start":{"line":54,"column":2},"end":{"line":57,"column":5}},"22":{"start":{"line":58,"column":2},"end":{"line":58,"column":27}},"23":{"start":{"line":63,"column":2},"end":{"line":65,"column":3}},"24":{"start":{"line":64,"column":3},"end":{"line":64,"column":10}},"25":{"start":{"line":67,"column":2},"end":{"line":67,"column":32}},"26":{"start":{"line":68,"column":2},"end":{"line":68,"column":43}},"27":{"start":{"line":70,"column":2},"end":{"line":70,"column":41}},"28":{"start":{"line":72,"column":2},"end":{"line":96,"column":16}},"29":{"start":{"line":74,"column":3},"end":{"line":82,"column":34}},"30":{"start":{"line":75,"column":4},"end":{"line":81,"column":6}},"31":{"start":{"line":76,"column":5},"end":{"line":80,"column":8}},"32":{"start":{"line":77,"column":6},"end":{"line":77,"column":38}},"33":{"start":{"line":79,"column":6},"end":{"line":79,"column":66}},"34":{"start":{"line":84,"column":3},"end":{"line":84,"column":39}},"35":{"start":{"line":85,"column":3},"end":{"line":95,"column":4}},"36":{"start":{"line":86,"column":4},"end":{"line":86,"column":15}},"37":{"start":{"line":89,"column":4},"end":{"line":89,"column":74}},"38":{"start":{"line":90,"column":4},"end":{"line":94,"column":6}},"39":{"start":{"line":98,"column":2},"end":{"line":102,"column":5}},"40":{"start":{"line":99,"column":3},"end":{"line":99,"column":33}},"41":{"start":{"line":101,"column":3},"end":{"line":101,"column":33}},"42":{"start":{"line":112,"column":2},"end":{"line":122,"column":3}},"43":{"start":{"line":113,"column":3},"end":{"line":121,"column":5}},"44":{"start":{"line":123,"column":2},"end":{"line":123,"column":34}},"45":{"start":{"line":131,"column":2},"end":{"line":133,"column":5}},"46":{"start":{"line":132,"column":3},"end":{"line":132,"column":33}},"47":{"start":{"line":141,"column":2},"end":{"line":141,"column":25}},"48":{"start":{"line":142,"column":2},"end":{"line":142,"column":25}},"49":{"start":{"line":143,"column":2},"end":{"line":143,"column":24}},"50":{"start":{"line":144,"column":2},"end":{"line":149,"column":5}},"51":{"start":{"line":145,"column":3},"end":{"line":148,"column":6}},"52":{"start":{"line":146,"column":4},"end":{"line":146,"column":35}},"53":{"start":{"line":147,"column":4},"end":{"line":147,"column":33}},"54":{"start":{"line":158,"column":2},"end":{"line":158,"column":25}},"55":{"start":{"line":159,"column":2},"end":{"line":159,"column":25}},"56":{"start":{"line":160,"column":2},"end":{"line":160,"column":24}},"57":{"start":{"line":161,"column":2},"end":{"line":161,"column":33}},"58":{"start":{"line":162,"column":2},"end":{"line":162,"column":27}},"59":{"start":{"line":167,"column":0},"end":{"line":167,"column":28}}},"branchMap":{"1":{"line":1,"type":"binary-expr","locations":[{"start":{"line":1,"column":14},"end":{"line":1,"column":21}},{"start":{"line":1,"column":25},"end":{"line":1,"column":43}}]},"2":{"line":27,"type":"if","locations":[{"start":{"line":27,"column":2},"end":{"line":27,"column":2}},{"start":{"line":27,"column":2},"end":{"line":27,"column":2}}]},"3":{"line":27,"type":"binary-expr","locations":[{"start":{"line":27,"column":6},"end":{"line":27,"column":26}},{"start":{"line":27,"column":30},"end":{"line":27,"column":46}}]},"4":{"line":30,"type":"binary-expr","locations":[{"start":{"line":30,"column":19},"end":{"line":30,"column":33}},{"start":{"line":30,"column":37},"end":{"line":30,"column":41}}]},"5":{"line":32,"type":"if","locations":[{"start":{"line":32,"column":2},"end":{"line":32,"column":2}},{"start":{"line":32,"column":2},"end":{"line":32,"column":2}}]},"6":{"line":36,"type":"if","locations":[{"start":{"line":36,"column":2},"end":{"line":36,"column":2}},{"start":{"line":36,"column":2},"end":{"line":36,"column":2}}]},"7":{"line":36,"type":"binary-expr","locations":[{"start":{"line":36,"column":6},"end":{"line":36,"column":29}},{"start":{"line":36,"column":33},"end":{"line":36,"column":58}}]},"8":{"line":63,"type":"if","locations":[{"start":{"line":63,"column":2},"end":{"line":63,"column":2}},{"start":{"line":63,"column":2},"end":{"line":63,"column":2}}]},"9":{"line":63,"type":"binary-expr","locations":[{"start":{"line":63,"column":6},"end":{"line":63,"column":28}},{"start":{"line":63,"column":32},"end":{"line":63,"column":62}}]},"10":{"line":85,"type":"if","locations":[{"start":{"line":85,"column":3},"end":{"line":85,"column":3}},{"start":{"line":85,"column":3},"end":{"line":85,"column":3}}]},"11":{"line":112,"type":"if","locations":[{"start":{"line":112,"column":2},"end":{"line":112,"column":2}},{"start":{"line":112,"column":2},"end":{"line":112,"column":2}}]}},"code":["var Promise = Promise || require('promise');","var _merge = require('lodash/object/merge');","var _isArray = require('lodash/lang/isArray');","var _isString = require('lodash/lang/isString');","var _forEach = require('lodash/collection/forEach');","","/**"," * Dispatcher"," */","function Dispatcher() {","\t/**","\t * Registry of callbacks, waitFor, promises, etc","\t * each constant has it's own array of callbacks, waitFor, promises, etc","\t */","\tthis._registry = {};","}","","Dispatcher.prototype = _merge(Dispatcher.prototype, {","","\t/**","\t * Registers a callback","\t * @param {string} constant","\t * @param {function} callback","\t * @param {array|null} waitFor Array indexes to callbacks","\t */","\tregister: function (constant, callback, waitForIndexes) {","\t\tif (!_isString(constant) || !constant.length) {","\t\t\tthrow new Error('Dispatcher.register: constant must be a string');","\t\t}","\t\twaitForIndexes = waitForIndexes || null;","","\t\tif (typeof callback != 'function') {","\t\t\tthrow new Error('Dispatcher.register expects second parameter to be a callback');","\t\t}","","\t\tif (waitForIndexes !== null && !_isArray(waitForIndexes)) {","\t\t\tthrow new Error('Dispatcher.register expects third parameter to be null or an array');","\t\t}","","\t\tvar registry = this._getRegistry(constant);","\t\tregistry.callbacks.push(callback);","\t\tregistry.waitFor.push(waitForIndexes);","\t\treturn registry.callbacks.length - 1;","\t},","","","\t/**","\t * Dispatch","\t * @param {string} constant","\t * @param {object} payload","\t */","\tdispatch: function (constant, payload) {","\t\tvar registry = this._getRegistry(constant);","\t\tregistry.dispatchQueue.push({","\t\t\tconstant: constant,","\t\t\tpayload: payload","\t\t});","\t\tthis._dispatch(registry);","\t},","","\t_dispatch: function (registry) {","","\t\tif (registry.isDispatching || !registry.dispatchQueue.length) {","\t\t\treturn;","\t\t}","","\t\tregistry.isDispatching = true;","\t\tvar job = registry.dispatchQueue.shift();","","\t\tthis._createDispatchPromises(registry);","","\t\t_forEach(registry.callbacks, function (callback, idx) {","","\t\t\tvar resolver = (function (registry, idx, payload) {","\t\t\t\treturn function () {","\t\t\t\t\tPromise.resolve(registry.callbacks[idx](payload)).then(function () {","\t\t\t\t\t\tregistry.resolves[idx](payload);","\t\t\t\t\t}, function () {","\t\t\t\t\t\tregistry.rejects[idx](new Error('Dispatch callback error'));","\t\t\t\t\t});","\t\t\t\t};","\t\t\t})(registry, idx, job.payload);","","\t\t\tvar waitFor = registry.waitFor[idx];","\t\t\tif (!waitFor) {","\t\t\t\tresolver();","\t\t\t}","\t\t\telse {","\t\t\t\tvar promisesToWaitFor = this._getPromisesByIndexes(registry, waitFor);","\t\t\t\tPromise.all(promisesToWaitFor).then(","\t\t\t\t\tresolver,","\t\t\t\t\tresolver  //Should we really resolve the callback here?","\t\t\t\t\t// Some of the WaitForStores callbacks rejected the request","\t\t\t\t);","\t\t\t}","\t\t}.bind(this));//_forEach(registry.callbacks,","","\t\tPromise.all(registry.promises).then(function () {","\t\t\tthis._onDispatchEnd(registry);","\t\t}.bind(this), function () {","\t\t\tthis._onDispatchEnd(registry);","\t\t});","","\t},//dispatch","","","\t/**","\t * Gets a registry for a constant","\t * @param {string} constant","\t */","\t_getRegistry: function (constant) {","\t\tif (typeof this._registry[constant] == \"undefined\") {","\t\t\tthis._registry[constant] = {","\t\t\t\tcallbacks: [],","\t\t\t\twaitFor: [],","\t\t\t\tpromises: [],","\t\t\t\tresolves: [],","\t\t\t\trejects: [],","\t\t\t\tdispatchQueue: [],","\t\t\t\tisDispatching: false","\t\t\t};","\t\t}","\t\treturn this._registry[constant];","\t},","","\t/**","\t * @param {object} registry","\t * @param {array} callbacks","\t */","\t_getPromisesByIndexes: function (registry, indexes) {","\t\treturn indexes.map(function (idx) {","\t\t\treturn registry.promises[idx];","\t\t});","\t},","","\t/**","\t * Create promises for all callbacks in this registry","\t * @param {object} registry","\t */","\t_createDispatchPromises: function (registry) {","\t\tregistry.promises = [];","\t\tregistry.resolves = [];","\t\tregistry.rejects = [];","\t\t_forEach(registry.callbacks, function (callback, i) {","\t\t\tregistry.promises[i] = new Promise(function (resolve, reject) {","\t\t\t\tregistry.resolves[i] = resolve;","\t\t\t\tregistry.rejects[i] = reject;","\t\t\t});","\t\t});","\t},","","","\t/**","\t * Clean registry","\t * @param {object} registry","\t */","\t_onDispatchEnd: function (registry) {","\t\tregistry.promises = [];","\t\tregistry.resolves = [];","\t\tregistry.rejects = [];","\t\tregistry.isDispatching = false;","\t\tthis._dispatch(registry);","\t}","","});","","module.exports = Dispatcher;",""],"l":{"1":1,"2":1,"3":1,"4":1,"5":1,"10":1,"15":1,"18":1,"27":0,"28":0,"30":0,"32":0,"33":0,"36":0,"37":0,"40":0,"41":0,"42":0,"43":0,"53":0,"54":0,"58":0,"63":0,"64":0,"67":0,"68":0,"70":0,"72":0,"74":0,"75":0,"76":0,"77":0,"79":0,"84":0,"85":0,"86":0,"89":0,"90":0,"98":0,"99":0,"101":0,"112":0,"113":0,"123":0,"131":0,"132":0,"141":0,"142":0,"143":0,"144":0,"145":0,"146":0,"147":0,"158":0,"159":0,"160":0,"161":0,"162":0,"167":1}},"/home/travis/build/npmtest/node-npmtest-react-flux/node_modules/react-flux/webpack.config.js":{"path":"/home/travis/build/npmtest/node-npmtest-react-flux/node_modules/react-flux/webpack.config.js","s":{"1":2,"2":0,"3":0},"b":{},"f":{},"fnMap":{},"statementMap":{"1":{"start":{"line":1,"column":0},"end":{"line":1,"column":33}},"2":{"start":{"line":3,"column":0},"end":{"line":3,"column":68}},"3":{"start":{"line":5,"column":0},"end":{"line":39,"column":2}}},"branchMap":{},"code":["var webpack = require('webpack');","","var UglifyJsPlugin = require('webpack/lib/optimize/UglifyJsPlugin');","","module.exports = {","","\tcontext: __dirname + '/lib/',","","\twatch: true,","","\tentry: './index.js',","","\toutput: {","\t\tpath: './dist/',","\t\tfilename: 'react-flux.js',","\t\tlibrary: 'ReactFlux',","\t\tlibraryTarget: 'umd'","\t},","","\tresolve: {","\t\textensions: ['', '.js'],","\t},","","\tmodule: {},","","\texternals: {","\t\tpromise: true,","\t\treact: {","\t\t\troot: 'React',","\t\t\tcommonjs: 'react',","\t\t\tcommonjs2: 'react',","\t\t\tamd: 'react'","\t\t}","\t},","","\tplugins: [","\t\tnew UglifyJsPlugin()","\t]","};",""],"l":{"1":2,"3":0,"5":0}},"/home/travis/build/npmtest/node-npmtest-react-flux/node_modules/react-flux/codegen/templates/module.js":{"path":"/home/travis/build/npmtest/node-npmtest-react-flux/node_modules/react-flux/codegen/templates/module.js","s":{"1":2},"b":{},"f":{},"fnMap":{},"statementMap":{"1":{"start":{"line":1,"column":0},"end":{"line":5,"column":2}}},"branchMap":{},"code":["module.exports = {","\tconstants: require('./constants/<%= name %>.js'),","\tactions: require('./actions/<%= name %>.js'),","\tstore: require('./stores/<%= name %>.js'),","};"],"l":{"1":2}}}